[2023-12-02 17:40:49,211][INFO][basehttp][basehttp.py:124]["GET /home/ HTTP/1.1" 200 2]
[2023-12-02 17:40:49,220][INFO][basehttp][basehttp.py:124]["GET /home/ HTTP/1.1" 200 2]
[2023-12-02 17:40:49,256][ERROR][exceptions][exceptions.py:7][view是:SetAvatarView , 错误是No UserInfo matches the given query.]
[2023-12-02 17:40:49,257][INFO][basehttp][basehttp.py:124]["GET /set_avatar/%E6%B4%BE%E5%A4%A7%E6%98%9F/ HTTP/1.1" 200 59]
[2023-12-02 17:41:38,316][INFO][basehttp][basehttp.py:124]["GET /home/ HTTP/1.1" 200 2]
[2023-12-02 17:41:38,351][INFO][basehttp][basehttp.py:124]["GET /home/ HTTP/1.1" 200 2]
[2023-12-02 17:41:38,388][ERROR][exceptions][exceptions.py:7][view是:SetAvatarView , 错误是No UserInfo matches the given query.]
[2023-12-02 17:41:38,389][INFO][basehttp][basehttp.py:124]["GET /set_avatar/%E6%B4%BE%E5%A4%A7%E6%98%9F/ HTTP/1.1" 200 59]
[2023-12-02 17:41:42,398][INFO][basehttp][basehttp.py:124]["GET /home/ HTTP/1.1" 200 2]
[2023-12-02 17:41:42,425][INFO][basehttp][basehttp.py:124]["GET /home/ HTTP/1.1" 200 2]
[2023-12-02 17:42:06,690][INFO][basehttp][basehttp.py:124]["POST /register/ HTTP/1.1" 200 38]
[2023-12-02 17:42:11,966][INFO][basehttp][basehttp.py:124]["OPTIONS /login/ HTTP/1.1" 200 0]
[2023-12-02 17:42:11,998][INFO][basehttp][basehttp.py:124]["POST /login/ HTTP/1.1" 200 67]
[2023-12-02 17:42:33,947][INFO][basehttp][basehttp.py:124]["POST /register/ HTTP/1.1" 200 38]
[2023-12-02 17:42:37,583][INFO][basehttp][basehttp.py:124]["POST /login/ HTTP/1.1" 200 67]
[2023-12-02 17:43:00,266][INFO][basehttp][basehttp.py:124]["POST /register/ HTTP/1.1" 200 38]
[2023-12-02 17:43:49,135][WARNING][base][base.py:152][Not Found: /]
[2023-12-02 17:43:49,135][WARNING][basehttp][basehttp.py:124]["GET / HTTP/1.1" 404 4276]
[2023-12-02 17:43:52,804][INFO][basehttp][basehttp.py:124]["GET /admin HTTP/1.1" 301 0]
[2023-12-02 17:43:52,863][INFO][basehttp][basehttp.py:124]["GET /admin/ HTTP/1.1" 302 0]
[2023-12-02 17:43:55,996][INFO][basehttp][basehttp.py:124]["GET /admin/login/?next=/admin/ HTTP/1.1" 200 1652]
[2023-12-02 17:43:56,032][INFO][basehttp][basehttp.py:124]["GET /static/admin/css/base.css HTTP/1.1" 200 16066]
[2023-12-02 17:43:56,045][INFO][basehttp][basehttp.py:124]["GET /static/admin/css/login.css HTTP/1.1" 200 1203]
[2023-12-02 17:43:56,059][INFO][basehttp][basehttp.py:124]["GET /static/admin/css/fonts.css HTTP/1.1" 200 423]
[2023-12-02 17:43:56,124][INFO][basehttp][basehttp.py:124]["GET /static/admin/fonts/Roboto-Regular-webfont.woff HTTP/1.1" 200 80304]
[2023-12-02 17:43:56,136][INFO][basehttp][basehttp.py:124]["GET /static/admin/fonts/Roboto-Light-webfont.woff HTTP/1.1" 200 81348]
[2023-12-02 17:44:05,894][INFO][basehttp][basehttp.py:124]["POST /admin/login/?next=/admin/ HTTP/1.1" 302 0]
[2023-12-02 17:44:06,147][INFO][basehttp][basehttp.py:124]["GET /admin/ HTTP/1.1" 200 6466]
[2023-12-02 17:44:06,163][INFO][basehttp][basehttp.py:124]["GET /static/admin/css/dashboard.css HTTP/1.1" 200 412]
[2023-12-02 17:44:06,175][INFO][basehttp][basehttp.py:124]["GET /static/admin/img/icon-addlink.svg HTTP/1.1" 200 331]
[2023-12-02 17:44:06,183][INFO][basehttp][basehttp.py:124]["GET /static/admin/img/icon-changelink.svg HTTP/1.1" 200 380]
[2023-12-02 17:44:06,233][INFO][basehttp][basehttp.py:124]["GET /static/admin/fonts/Roboto-Bold-webfont.woff HTTP/1.1" 200 82564]
[2023-12-02 17:44:08,800][INFO][basehttp][basehttp.py:124]["GET /admin/w/goods/ HTTP/1.1" 200 3026]
[2023-12-02 17:44:08,830][INFO][basehttp][basehttp.py:124]["GET /static/admin/js/jquery.init.js HTTP/1.1" 200 363]
[2023-12-02 17:44:08,836][INFO][basehttp][basehttp.py:124]["GET /static/admin/css/changelists.css HTTP/1.1" 200 6170]
[2023-12-02 17:44:08,846][INFO][basehttp][basehttp.py:124]["GET /admin/jsi18n/ HTTP/1.1" 200 7682]
[2023-12-02 17:44:08,849][INFO][basehttp][basehttp.py:124]["GET /static/admin/js/urlify.js HTTP/1.1" 200 8186]
[2023-12-02 17:44:08,849][INFO][basehttp][basehttp.py:124]["GET /static/admin/js/core.js HTTP/1.1" 200 7976]
[2023-12-02 17:44:08,883][INFO][basehttp][basehttp.py:124]["GET /static/admin/js/admin/RelatedObjectLookups.js HTTP/1.1" 200 6591]
[2023-12-02 17:44:08,907][INFO][basehttp][basehttp.py:124]["GET /static/admin/js/prepopulate.js HTTP/1.1" 200 1538]
[2023-12-02 17:44:08,942][INFO][basehttp][basehttp.py:124]["GET /static/admin/js/actions.js HTTP/1.1" 200 6501]
[2023-12-02 17:44:08,949][INFO][basehttp][basehttp.py:124]["GET /static/admin/js/vendor/jquery/jquery.js HTTP/1.1" 200 258648]
[2023-12-02 17:44:08,966][INFO][basehttp][basehttp.py:124]["GET /static/admin/js/vendor/xregexp/xregexp.js HTTP/1.1" 200 128820]
[2023-12-02 17:44:08,987][INFO][basehttp][basehttp.py:124]["GET /static/admin/img/tooltag-add.svg HTTP/1.1" 200 331]
[2023-12-02 17:44:10,894][INFO][basehttp][basehttp.py:124]["GET /admin/w/goods/add/ HTTP/1.1" 200 10079]
[2023-12-02 17:44:10,914][INFO][basehttp][basehttp.py:124]["GET /static/admin/css/forms.css HTTP/1.1" 200 8173]
[2023-12-02 17:44:10,914][INFO][basehttp][basehttp.py:124]["GET /static/admin/js/change_form.js HTTP/1.1" 200 712]
[2023-12-02 17:44:10,916][INFO][basehttp][basehttp.py:124]["GET /static/admin/js/prepopulate_init.js HTTP/1.1" 200 495]
[2023-12-02 17:44:10,922][INFO][basehttp][basehttp.py:124]["GET /admin/jsi18n/ HTTP/1.1" 200 7682]
[2023-12-02 17:44:10,933][INFO][basehttp][basehttp.py:124]["GET /static/admin/css/widgets.css HTTP/1.1" 200 10340]
[2023-12-02 17:53:36,190][INFO][basehttp][basehttp.py:124]["POST /admin/w/goods/add/ HTTP/1.1" 302 0]
[2023-12-02 17:53:36,317][INFO][basehttp][basehttp.py:124]["GET /admin/w/goods/add/ HTTP/1.1" 200 10291]
[2023-12-02 17:53:36,345][INFO][basehttp][basehttp.py:124]["GET /admin/jsi18n/ HTTP/1.1" 200 7682]
[2023-12-02 17:53:36,394][INFO][basehttp][basehttp.py:124]["GET /static/admin/img/icon-yes.svg HTTP/1.1" 200 436]
[2023-12-02 17:54:26,256][INFO][basehttp][basehttp.py:124]["POST /admin/w/goods/add/ HTTP/1.1" 302 0]
[2023-12-02 17:54:26,307][INFO][basehttp][basehttp.py:124]["GET /admin/w/goods/add/ HTTP/1.1" 200 10295]
[2023-12-02 17:54:26,327][INFO][basehttp][basehttp.py:124]["GET /admin/jsi18n/ HTTP/1.1" 200 7682]
[2023-12-02 17:55:14,304][INFO][basehttp][basehttp.py:124]["POST /admin/w/goods/add/ HTTP/1.1" 302 0]
[2023-12-02 17:55:14,356][INFO][basehttp][basehttp.py:124]["GET /admin/w/goods/add/ HTTP/1.1" 200 10291]
[2023-12-02 17:55:14,382][INFO][basehttp][basehttp.py:124]["GET /admin/jsi18n/ HTTP/1.1" 200 7682]
[2023-12-02 17:55:55,124][INFO][basehttp][basehttp.py:124]["POST /admin/w/goods/add/ HTTP/1.1" 302 0]
[2023-12-02 17:55:55,190][INFO][basehttp][basehttp.py:124]["GET /admin/w/goods/add/ HTTP/1.1" 200 10293]
[2023-12-02 17:55:55,210][INFO][basehttp][basehttp.py:124]["GET /admin/jsi18n/ HTTP/1.1" 200 7682]
[2023-12-02 17:56:22,426][INFO][basehttp][basehttp.py:124]["POST /admin/w/goods/add/ HTTP/1.1" 302 0]
[2023-12-02 17:56:22,482][INFO][basehttp][basehttp.py:124]["GET /admin/w/goods/add/ HTTP/1.1" 200 10288]
[2023-12-02 17:56:22,495][INFO][basehttp][basehttp.py:124]["GET /admin/jsi18n/ HTTP/1.1" 200 7682]
[2023-12-02 17:57:10,518][INFO][basehttp][basehttp.py:124]["POST /admin/w/goods/add/ HTTP/1.1" 302 0]
[2023-12-02 17:57:10,588][INFO][basehttp][basehttp.py:124]["GET /admin/w/goods/add/ HTTP/1.1" 200 10290]
[2023-12-02 17:57:10,610][INFO][basehttp][basehttp.py:124]["GET /admin/jsi18n/ HTTP/1.1" 200 7682]
[2023-12-02 17:57:58,975][INFO][basehttp][basehttp.py:124]["POST /admin/w/goods/add/ HTTP/1.1" 302 0]
[2023-12-02 17:57:59,041][INFO][basehttp][basehttp.py:124]["GET /admin/w/goods/add/ HTTP/1.1" 200 10294]
[2023-12-02 17:57:59,058][INFO][basehttp][basehttp.py:124]["GET /admin/jsi18n/ HTTP/1.1" 200 7682]
[2023-12-02 17:58:47,359][INFO][basehttp][basehttp.py:124]["POST /admin/w/goods/add/ HTTP/1.1" 302 0]
[2023-12-02 17:58:47,426][INFO][basehttp][basehttp.py:124]["GET /admin/w/goods/add/ HTTP/1.1" 200 10295]
[2023-12-02 17:58:47,460][INFO][basehttp][basehttp.py:124]["GET /admin/jsi18n/ HTTP/1.1" 200 7682]
[2023-12-02 17:59:29,350][INFO][basehttp][basehttp.py:124]["POST /admin/w/goods/add/ HTTP/1.1" 302 0]
[2023-12-02 17:59:29,403][INFO][basehttp][basehttp.py:124]["GET /admin/w/goods/add/ HTTP/1.1" 200 10295]
[2023-12-02 17:59:29,425][INFO][basehttp][basehttp.py:124]["GET /admin/jsi18n/ HTTP/1.1" 200 7682]
[2023-12-02 18:00:12,176][INFO][basehttp][basehttp.py:124]["POST /admin/w/goods/add/ HTTP/1.1" 302 0]
[2023-12-02 18:00:12,222][INFO][basehttp][basehttp.py:124]["GET /admin/w/goods/add/ HTTP/1.1" 200 10296]
[2023-12-02 18:00:12,223][INFO][basehttp][basehttp.py:124]["GET /admin/jsi18n/ HTTP/1.1" 200 7682]
[2023-12-02 18:00:44,148][INFO][basehttp][basehttp.py:124]["POST /admin/w/goods/add/ HTTP/1.1" 302 0]
[2023-12-02 18:00:44,201][INFO][basehttp][basehttp.py:124]["GET /admin/w/goods/add/ HTTP/1.1" 200 10300]
[2023-12-02 18:00:44,218][INFO][basehttp][basehttp.py:124]["GET /admin/jsi18n/ HTTP/1.1" 200 7682]
[2023-12-02 18:01:09,072][INFO][basehttp][basehttp.py:124]["POST /admin/w/goods/add/ HTTP/1.1" 302 0]
[2023-12-02 18:01:09,121][INFO][basehttp][basehttp.py:124]["GET /admin/w/goods/add/ HTTP/1.1" 200 10290]
[2023-12-02 18:01:09,134][INFO][basehttp][basehttp.py:124]["GET /admin/jsi18n/ HTTP/1.1" 200 7682]
[2023-12-02 18:01:36,544][INFO][basehttp][basehttp.py:124]["POST /admin/w/goods/add/ HTTP/1.1" 302 0]
[2023-12-02 18:01:36,621][INFO][basehttp][basehttp.py:124]["GET /admin/w/goods/add/ HTTP/1.1" 200 10293]
[2023-12-02 18:01:36,636][INFO][basehttp][basehttp.py:124]["GET /admin/jsi18n/ HTTP/1.1" 200 7682]
[2023-12-02 18:02:14,033][INFO][basehttp][basehttp.py:124]["POST /admin/w/goods/add/ HTTP/1.1" 302 0]
[2023-12-02 18:02:14,146][INFO][basehttp][basehttp.py:124]["GET /admin/w/goods/ HTTP/1.1" 200 7228]
[2023-12-02 18:02:14,161][INFO][basehttp][basehttp.py:124]["GET /admin/jsi18n/ HTTP/1.1" 200 7682]
[2023-12-02 18:02:16,526][INFO][basehttp][basehttp.py:124]["GET /admin/w/ HTTP/1.1" 200 5650]
[2023-12-02 18:02:22,418][INFO][basehttp][basehttp.py:124]["GET /admin/w/goods2tag/ HTTP/1.1" 200 3059]
[2023-12-02 18:02:22,430][INFO][basehttp][basehttp.py:124]["GET /admin/jsi18n/ HTTP/1.1" 200 7682]
[2023-12-02 18:02:23,921][INFO][basehttp][basehttp.py:124]["GET /admin/w/goods2tag/add/ HTTP/1.1" 200 7525]
[2023-12-02 18:02:23,925][INFO][basehttp][basehttp.py:124]["GET /admin/jsi18n/ HTTP/1.1" 200 7682]
[2023-12-02 18:02:43,942][INFO][basehttp][basehttp.py:124]["POST /admin/w/goods2tag/add/ HTTP/1.1" 302 0]
[2023-12-02 18:02:43,997][INFO][basehttp][basehttp.py:124]["GET /admin/w/goods2tag/add/ HTTP/1.1" 200 7757]
[2023-12-02 18:02:44,012][INFO][basehttp][basehttp.py:124]["GET /admin/jsi18n/ HTTP/1.1" 200 7682]
[2023-12-02 18:03:10,182][INFO][basehttp][basehttp.py:124]["POST /admin/w/goods2tag/add/ HTTP/1.1" 302 0]
[2023-12-02 18:03:10,242][INFO][basehttp][basehttp.py:124]["GET /admin/w/goods2tag/add/ HTTP/1.1" 200 7757]
[2023-12-02 18:03:10,259][INFO][basehttp][basehttp.py:124]["GET /admin/jsi18n/ HTTP/1.1" 200 7682]
[2023-12-02 18:03:14,545][INFO][basehttp][basehttp.py:124]["POST /admin/w/goods2tag/add/ HTTP/1.1" 302 0]
[2023-12-02 18:03:14,588][INFO][basehttp][basehttp.py:124]["GET /admin/w/goods2tag/add/ HTTP/1.1" 200 7757]
[2023-12-02 18:03:14,602][INFO][basehttp][basehttp.py:124]["GET /admin/jsi18n/ HTTP/1.1" 200 7682]
[2023-12-02 18:03:31,143][INFO][basehttp][basehttp.py:124]["POST /admin/w/goods2tag/add/ HTTP/1.1" 302 0]
[2023-12-02 18:03:31,198][INFO][basehttp][basehttp.py:124]["GET /admin/w/goods2tag/add/ HTTP/1.1" 200 7757]
[2023-12-02 18:03:31,211][INFO][basehttp][basehttp.py:124]["GET /admin/jsi18n/ HTTP/1.1" 200 7682]
[2023-12-02 18:03:38,310][INFO][basehttp][basehttp.py:124]["POST /admin/w/goods2tag/add/ HTTP/1.1" 302 0]
[2023-12-02 18:03:38,357][INFO][basehttp][basehttp.py:124]["GET /admin/w/goods2tag/add/ HTTP/1.1" 200 7757]
[2023-12-02 18:03:38,375][INFO][basehttp][basehttp.py:124]["GET /admin/jsi18n/ HTTP/1.1" 200 7682]
[2023-12-02 18:03:52,689][INFO][basehttp][basehttp.py:124]["POST /admin/w/goods2tag/add/ HTTP/1.1" 302 0]
[2023-12-02 18:03:52,728][INFO][basehttp][basehttp.py:124]["GET /admin/w/goods2tag/add/ HTTP/1.1" 200 7757]
[2023-12-02 18:03:52,744][INFO][basehttp][basehttp.py:124]["GET /admin/jsi18n/ HTTP/1.1" 200 7682]
[2023-12-02 18:03:57,785][INFO][basehttp][basehttp.py:124]["POST /admin/w/goods2tag/add/ HTTP/1.1" 302 0]
[2023-12-02 18:03:57,833][INFO][basehttp][basehttp.py:124]["GET /admin/w/goods2tag/add/ HTTP/1.1" 200 7757]
[2023-12-02 18:03:57,848][INFO][basehttp][basehttp.py:124]["GET /admin/jsi18n/ HTTP/1.1" 200 7682]
[2023-12-02 18:04:08,907][INFO][basehttp][basehttp.py:124]["POST /admin/w/goods2tag/add/ HTTP/1.1" 302 0]
[2023-12-02 18:04:08,959][INFO][basehttp][basehttp.py:124]["GET /admin/w/goods2tag/add/ HTTP/1.1" 200 7757]
[2023-12-02 18:04:08,974][INFO][basehttp][basehttp.py:124]["GET /admin/jsi18n/ HTTP/1.1" 200 7682]
[2023-12-02 18:04:14,235][INFO][basehttp][basehttp.py:124]["POST /admin/w/goods2tag/add/ HTTP/1.1" 302 0]
[2023-12-02 18:04:14,298][INFO][basehttp][basehttp.py:124]["GET /admin/w/goods2tag/add/ HTTP/1.1" 200 7757]
[2023-12-02 18:04:14,311][INFO][basehttp][basehttp.py:124]["GET /admin/jsi18n/ HTTP/1.1" 200 7682]
[2023-12-02 18:04:27,342][INFO][basehttp][basehttp.py:124]["POST /admin/w/goods2tag/add/ HTTP/1.1" 302 0]
[2023-12-02 18:04:27,396][INFO][basehttp][basehttp.py:124]["GET /admin/w/goods2tag/add/ HTTP/1.1" 200 7758]
[2023-12-02 18:04:27,410][INFO][basehttp][basehttp.py:124]["GET /admin/jsi18n/ HTTP/1.1" 200 7682]
[2023-12-02 18:04:42,771][INFO][basehttp][basehttp.py:124]["POST /admin/w/goods2tag/add/ HTTP/1.1" 302 0]
[2023-12-02 18:04:42,838][INFO][basehttp][basehttp.py:124]["GET /admin/w/goods2tag/add/ HTTP/1.1" 200 7758]
[2023-12-02 18:04:42,853][INFO][basehttp][basehttp.py:124]["GET /admin/jsi18n/ HTTP/1.1" 200 7682]
[2023-12-02 18:04:52,337][INFO][basehttp][basehttp.py:124]["POST /admin/w/goods2tag/add/ HTTP/1.1" 302 0]
[2023-12-02 18:04:52,393][INFO][basehttp][basehttp.py:124]["GET /admin/w/goods2tag/add/ HTTP/1.1" 200 7758]
[2023-12-02 18:04:52,413][INFO][basehttp][basehttp.py:124]["GET /admin/jsi18n/ HTTP/1.1" 200 7682]
[2023-12-02 18:04:58,048][INFO][basehttp][basehttp.py:124]["POST /admin/w/goods2tag/add/ HTTP/1.1" 302 0]
[2023-12-02 18:04:58,106][INFO][basehttp][basehttp.py:124]["GET /admin/w/goods2tag/add/ HTTP/1.1" 200 7758]
[2023-12-02 18:04:58,120][INFO][basehttp][basehttp.py:124]["GET /admin/jsi18n/ HTTP/1.1" 200 7682]
[2023-12-02 18:05:11,343][INFO][basehttp][basehttp.py:124]["POST /admin/w/goods2tag/add/ HTTP/1.1" 302 0]
[2023-12-02 18:05:11,407][INFO][basehttp][basehttp.py:124]["GET /admin/w/goods2tag/add/ HTTP/1.1" 200 7758]
[2023-12-02 18:05:11,427][INFO][basehttp][basehttp.py:124]["GET /admin/jsi18n/ HTTP/1.1" 200 7682]
[2023-12-02 18:05:16,873][INFO][basehttp][basehttp.py:124]["POST /admin/w/goods2tag/add/ HTTP/1.1" 302 0]
[2023-12-02 18:05:16,914][INFO][basehttp][basehttp.py:124]["GET /admin/w/goods2tag/add/ HTTP/1.1" 200 7758]
[2023-12-02 18:05:16,926][INFO][basehttp][basehttp.py:124]["GET /admin/jsi18n/ HTTP/1.1" 200 7682]
[2023-12-02 18:05:30,510][INFO][basehttp][basehttp.py:124]["POST /admin/w/goods2tag/add/ HTTP/1.1" 302 0]
[2023-12-02 18:05:30,562][INFO][basehttp][basehttp.py:124]["GET /admin/w/goods2tag/add/ HTTP/1.1" 200 7758]
[2023-12-02 18:05:30,579][INFO][basehttp][basehttp.py:124]["GET /admin/jsi18n/ HTTP/1.1" 200 7682]
[2023-12-02 18:05:40,444][INFO][basehttp][basehttp.py:124]["POST /admin/w/goods2tag/add/ HTTP/1.1" 302 0]
[2023-12-02 18:05:40,483][INFO][basehttp][basehttp.py:124]["GET /admin/w/goods2tag/add/ HTTP/1.1" 200 7758]
[2023-12-02 18:05:40,500][INFO][basehttp][basehttp.py:124]["GET /admin/jsi18n/ HTTP/1.1" 200 7682]
[2023-12-02 18:05:54,043][INFO][basehttp][basehttp.py:124]["POST /admin/w/goods2tag/add/ HTTP/1.1" 302 0]
[2023-12-02 18:05:54,095][INFO][basehttp][basehttp.py:124]["GET /admin/w/goods2tag/add/ HTTP/1.1" 200 7758]
[2023-12-02 18:05:54,120][INFO][basehttp][basehttp.py:124]["GET /admin/jsi18n/ HTTP/1.1" 200 7682]
[2023-12-02 18:06:00,044][INFO][basehttp][basehttp.py:124]["POST /admin/w/goods2tag/add/ HTTP/1.1" 302 0]
[2023-12-02 18:06:00,102][INFO][basehttp][basehttp.py:124]["GET /admin/w/goods2tag/add/ HTTP/1.1" 200 7758]
[2023-12-02 18:06:00,115][INFO][basehttp][basehttp.py:124]["GET /admin/jsi18n/ HTTP/1.1" 200 7682]
[2023-12-02 18:06:10,660][INFO][basehttp][basehttp.py:124]["POST /admin/w/goods2tag/add/ HTTP/1.1" 302 0]
[2023-12-02 18:06:10,714][INFO][basehttp][basehttp.py:124]["GET /admin/w/goods2tag/add/ HTTP/1.1" 200 7758]
[2023-12-02 18:06:10,730][INFO][basehttp][basehttp.py:124]["GET /admin/jsi18n/ HTTP/1.1" 200 7682]
[2023-12-02 18:06:16,648][INFO][basehttp][basehttp.py:124]["POST /admin/w/goods2tag/add/ HTTP/1.1" 302 0]
[2023-12-02 18:06:16,688][INFO][basehttp][basehttp.py:124]["GET /admin/w/goods2tag/add/ HTTP/1.1" 200 7758]
[2023-12-02 18:06:16,701][INFO][basehttp][basehttp.py:124]["GET /admin/jsi18n/ HTTP/1.1" 200 7682]
[2023-12-02 18:06:34,699][INFO][basehttp][basehttp.py:124]["POST /admin/w/goods2tag/add/ HTTP/1.1" 302 0]
[2023-12-02 18:06:34,751][INFO][basehttp][basehttp.py:124]["GET /admin/w/goods2tag/add/ HTTP/1.1" 200 7758]
[2023-12-02 18:06:34,766][INFO][basehttp][basehttp.py:124]["GET /admin/jsi18n/ HTTP/1.1" 200 7682]
[2023-12-02 18:06:46,125][INFO][basehttp][basehttp.py:124]["POST /admin/w/goods2tag/add/ HTTP/1.1" 302 0]
[2023-12-02 18:06:46,165][INFO][basehttp][basehttp.py:124]["GET /admin/w/goods2tag/add/ HTTP/1.1" 200 7758]
[2023-12-02 18:06:46,178][INFO][basehttp][basehttp.py:124]["GET /admin/jsi18n/ HTTP/1.1" 200 7682]
[2023-12-02 18:06:55,799][INFO][basehttp][basehttp.py:124]["POST /admin/w/goods2tag/add/ HTTP/1.1" 302 0]
[2023-12-02 18:06:55,856][INFO][basehttp][basehttp.py:124]["GET /admin/w/goods2tag/add/ HTTP/1.1" 200 7758]
[2023-12-02 18:06:55,871][INFO][basehttp][basehttp.py:124]["GET /admin/jsi18n/ HTTP/1.1" 200 7682]
[2023-12-02 18:07:02,155][INFO][basehttp][basehttp.py:124]["POST /admin/w/goods2tag/add/ HTTP/1.1" 302 0]
[2023-12-02 18:07:02,217][INFO][basehttp][basehttp.py:124]["GET /admin/w/goods2tag/add/ HTTP/1.1" 200 7758]
[2023-12-02 18:07:02,245][INFO][basehttp][basehttp.py:124]["GET /admin/jsi18n/ HTTP/1.1" 200 7682]
[2023-12-02 18:07:13,165][INFO][basehttp][basehttp.py:124]["POST /admin/w/goods2tag/add/ HTTP/1.1" 302 0]
[2023-12-02 18:07:13,203][INFO][basehttp][basehttp.py:124]["GET /admin/w/goods2tag/add/ HTTP/1.1" 200 7758]
[2023-12-02 18:07:13,218][INFO][basehttp][basehttp.py:124]["GET /admin/jsi18n/ HTTP/1.1" 200 7682]
[2023-12-02 18:07:18,212][INFO][basehttp][basehttp.py:124]["POST /admin/w/goods2tag/add/ HTTP/1.1" 302 0]
[2023-12-02 18:07:18,262][INFO][basehttp][basehttp.py:124]["GET /admin/w/goods2tag/add/ HTTP/1.1" 200 7758]
[2023-12-02 18:07:18,277][INFO][basehttp][basehttp.py:124]["GET /admin/jsi18n/ HTTP/1.1" 200 7682]
[2023-12-02 18:07:28,026][INFO][basehttp][basehttp.py:124]["POST /admin/w/goods2tag/add/ HTTP/1.1" 302 0]
[2023-12-02 18:07:28,111][INFO][basehttp][basehttp.py:124]["GET /admin/w/goods2tag/ HTTP/1.1" 200 10616]
[2023-12-02 18:07:28,124][INFO][basehttp][basehttp.py:124]["GET /admin/jsi18n/ HTTP/1.1" 200 7682]
[2023-12-02 18:07:29,495][INFO][basehttp][basehttp.py:124]["GET /admin/w/ HTTP/1.1" 200 5650]
[2023-12-02 18:07:31,800][INFO][basehttp][basehttp.py:124]["GET /admin/logout/ HTTP/1.1" 200 1011]
[2023-12-02 18:08:05,179][INFO][basehttp][basehttp.py:124]["GET /home/ HTTP/1.1" 200 5638]
[2023-12-02 18:08:05,198][INFO][basehttp][basehttp.py:124]["GET /media/shop_picture/w1.jpeg HTTP/1.1" 200 11883]
[2023-12-02 18:08:05,199][INFO][basehttp][basehttp.py:124]["GET /media/shop_picture/w2.jpeg HTTP/1.1" 200 13366]
[2023-12-02 18:08:05,199][INFO][basehttp][basehttp.py:124]["GET /media/avatar/w1.jpg HTTP/1.1" 200 39304]
[2023-12-02 18:08:05,200][INFO][basehttp][basehttp.py:124]["GET /media/avatar/w2.jpg HTTP/1.1" 200 32050]
[2023-12-02 18:08:05,200][INFO][basehttp][basehttp.py:124]["GET /media/shop_picture/w3.jpeg HTTP/1.1" 200 4572]
[2023-12-02 18:08:05,200][INFO][basehttp][basehttp.py:124]["GET /media/shop_picture/w4.jpeg HTTP/1.1" 200 22849]
[2023-12-02 18:08:05,203][INFO][basehttp][basehttp.py:124]["GET /media/shop_picture/w5.jpeg HTTP/1.1" 200 18785]
[2023-12-02 18:08:05,208][INFO][basehttp][basehttp.py:124]["GET /media/shop_picture/w6.jpeg HTTP/1.1" 200 15094]
[2023-12-02 18:08:05,212][INFO][basehttp][basehttp.py:124]["GET /media/avatar/w3.jpg HTTP/1.1" 200 33534]
[2023-12-02 18:08:05,214][INFO][basehttp][basehttp.py:124]["GET /media/shop_picture/w7.jpeg HTTP/1.1" 200 13355]
[2023-12-02 18:08:05,216][INFO][basehttp][basehttp.py:124]["GET /media/shop_picture/w8.jpeg HTTP/1.1" 200 17648]
[2023-12-02 18:08:05,221][INFO][basehttp][basehttp.py:124]["GET /media/shop_picture/w9.jpeg HTTP/1.1" 200 16759]
[2023-12-02 18:08:05,224][INFO][basehttp][basehttp.py:124]["GET /media/shop_picture/w10.jpeg HTTP/1.1" 200 24767]
[2023-12-02 18:08:05,228][INFO][basehttp][basehttp.py:124]["GET /media/shop_picture/w11.jpeg HTTP/1.1" 200 63313]
[2023-12-02 18:08:05,230][INFO][basehttp][basehttp.py:124]["GET /media/shop_picture/w12.jpeg HTTP/1.1" 200 22216]
[2023-12-02 18:08:05,236][INFO][basehttp][basehttp.py:124]["GET /media/shop_picture/w13.jpeg HTTP/1.1" 200 19666]
[2023-12-02 18:08:05,237][INFO][basehttp][basehttp.py:124]["GET /media/shop_picture/w14.jpeg HTTP/1.1" 200 48315]
[2023-12-02 18:08:12,053][INFO][basehttp][basehttp.py:124]["GET /goods_detail/?mall__site_name=%E6%B4%BE%E5%A4%A7%E6%98%9F&id=1 HTTP/1.1" 200 11756]
[2023-12-02 18:08:14,728][INFO][basehttp][basehttp.py:124]["GET /media/shop_picture/w1.jpeg HTTP/1.1" 200 11883]
[2023-12-02 18:08:26,193][INFO][basehttp][basehttp.py:124]["POST /login/ HTTP/1.1" 200 228]
[2023-12-02 18:08:26,248][INFO][basehttp][basehttp.py:124]["GET /home/ HTTP/1.1" 200 5638]
[2023-12-02 18:08:26,263][INFO][basehttp][basehttp.py:124]["GET /set_avatar/YVZHONGZHI/ HTTP/1.1" 200 53]
[2023-12-02 18:08:26,284][INFO][basehttp][basehttp.py:124]["GET /media/avatar/w.jpg HTTP/1.1" 200 16274]
[2023-12-02 18:08:29,120][INFO][basehttp][basehttp.py:124]["GET /goods_detail/?mall__site_name=%E6%B4%BE%E5%A4%A7%E6%98%9F&id=11 HTTP/1.1" 200 1397]
[2023-12-02 18:08:29,133][INFO][basehttp][basehttp.py:124]["GET /set_avatar/YVZHONGZHI/ HTTP/1.1" 200 53]
[2023-12-02 18:08:30,910][INFO][basehttp][basehttp.py:124]["OPTIONS /up_or_down/11/ HTTP/1.1" 200 0]
[2023-12-02 18:08:31,003][INFO][basehttp][basehttp.py:124]["PUT /up_or_down/11/ HTTP/1.1" 200 31]
[2023-12-02 18:08:31,562][INFO][basehttp][basehttp.py:124]["GET /media/shop_picture/w11.jpeg HTTP/1.1" 200 63313]
[2023-12-02 18:08:33,081][INFO][basehttp][basehttp.py:124]["GET /goods_detail/?mall__site_name=%E6%B4%BE%E5%A4%A7%E6%98%9F&id=11 HTTP/1.1" 200 1397]
[2023-12-02 18:08:40,945][INFO][basehttp][basehttp.py:124]["POST /login/ HTTP/1.1" 200 261]
[2023-12-02 18:08:41,000][INFO][basehttp][basehttp.py:124]["GET /home/ HTTP/1.1" 200 5638]
[2023-12-02 18:08:41,013][INFO][basehttp][basehttp.py:124]["GET /set_avatar/%E6%B5%B7%E7%BB%B5%E5%AE%9D%E5%AE%9D/ HTTP/1.1" 200 54]
[2023-12-02 18:08:41,020][INFO][basehttp][basehttp.py:124]["GET /media/shop_picture/w14.jpeg HTTP/1.1" 304 0]
[2023-12-02 18:08:42,770][INFO][basehttp][basehttp.py:124]["GET /goods_detail/?mall__site_name=%E6%B4%BE%E5%A4%A7%E6%98%9F&id=1 HTTP/1.1" 200 11756]
[2023-12-02 18:08:42,786][INFO][basehttp][basehttp.py:124]["GET /set_avatar/%E6%B5%B7%E7%BB%B5%E5%AE%9D%E5%AE%9D/ HTTP/1.1" 200 54]
[2023-12-02 18:08:44,258][INFO][basehttp][basehttp.py:124]["OPTIONS /shop_car/ HTTP/1.1" 200 0]
[2023-12-02 18:08:44,328][INFO][basehttp][basehttp.py:124]["POST /shop_car/ HTTP/1.1" 200 40]
[2023-12-02 18:08:44,843][INFO][basehttp][basehttp.py:124]["OPTIONS /up_or_down/1/ HTTP/1.1" 200 0]
[2023-12-02 18:08:44,942][INFO][basehttp][basehttp.py:124]["PUT /up_or_down/1/ HTTP/1.1" 200 31]
[2023-12-02 18:08:46,632][INFO][basehttp][basehttp.py:124]["GET /home/ HTTP/1.1" 200 5638]
[2023-12-02 18:08:46,704][INFO][basehttp][basehttp.py:124]["GET /home/ HTTP/1.1" 200 5638]
[2023-12-02 18:08:46,718][INFO][basehttp][basehttp.py:124]["GET /set_avatar/%E6%B5%B7%E7%BB%B5%E5%AE%9D%E5%AE%9D/ HTTP/1.1" 200 54]
[2023-12-02 18:08:46,721][INFO][basehttp][basehttp.py:124]["GET /media/shop_picture/w12.jpeg HTTP/1.1" 304 0]
[2023-12-02 18:08:46,722][INFO][basehttp][basehttp.py:124]["GET /media/shop_picture/w13.jpeg HTTP/1.1" 304 0]
[2023-12-02 18:08:47,707][INFO][basehttp][basehttp.py:124]["GET /goods_detail/?mall__site_name=%E6%B4%BE%E5%A4%A7%E6%98%9F&id=2 HTTP/1.1" 200 12138]
[2023-12-02 18:08:47,720][INFO][basehttp][basehttp.py:124]["GET /set_avatar/%E6%B5%B7%E7%BB%B5%E5%AE%9D%E5%AE%9D/ HTTP/1.1" 200 54]
[2023-12-02 18:08:48,844][INFO][basehttp][basehttp.py:124]["POST /shop_car/ HTTP/1.1" 200 40]
[2023-12-02 18:08:49,344][INFO][basehttp][basehttp.py:124]["OPTIONS /up_or_down/2/ HTTP/1.1" 200 0]
[2023-12-02 18:08:49,411][INFO][basehttp][basehttp.py:124]["PUT /up_or_down/2/ HTTP/1.1" 200 31]
[2023-12-02 18:08:51,000][INFO][basehttp][basehttp.py:124]["GET /home/ HTTP/1.1" 200 5638]
[2023-12-02 18:08:51,063][INFO][basehttp][basehttp.py:124]["GET /home/ HTTP/1.1" 200 5638]
[2023-12-02 18:08:51,076][INFO][basehttp][basehttp.py:124]["GET /media/shop_picture/w11.jpeg HTTP/1.1" 304 0]
[2023-12-02 18:08:51,079][INFO][basehttp][basehttp.py:124]["GET /set_avatar/%E6%B5%B7%E7%BB%B5%E5%AE%9D%E5%AE%9D/ HTTP/1.1" 200 54]
[2023-12-02 18:08:54,133][INFO][basehttp][basehttp.py:124]["GET /goods_detail/?mall__site_name=%E7%AB%A0%E9%B1%BC%E5%93%A5&id=6 HTTP/1.1" 200 12085]
[2023-12-02 18:08:54,146][INFO][basehttp][basehttp.py:124]["GET /set_avatar/%E6%B5%B7%E7%BB%B5%E5%AE%9D%E5%AE%9D/ HTTP/1.1" 200 54]
[2023-12-02 18:08:55,596][INFO][basehttp][basehttp.py:124]["POST /shop_car/ HTTP/1.1" 200 40]
[2023-12-02 18:08:56,210][INFO][basehttp][basehttp.py:124]["OPTIONS /up_or_down/6/ HTTP/1.1" 200 0]
[2023-12-02 18:08:56,312][INFO][basehttp][basehttp.py:124]["PUT /up_or_down/6/ HTTP/1.1" 200 31]
[2023-12-02 18:08:58,217][INFO][basehttp][basehttp.py:124]["GET /site/?mall__site_name=%E7%AB%A0%E9%B1%BC%E5%93%A5 HTTP/1.1" 200 5602]
[2023-12-02 18:08:58,245][INFO][basehttp][basehttp.py:124]["GET /set_avatar/%E6%B5%B7%E7%BB%B5%E5%AE%9D%E5%AE%9D/ HTTP/1.1" 200 54]
[2023-12-02 18:08:59,304][INFO][basehttp][basehttp.py:124]["GET /goods_detail/?mall__site_name=%E7%AB%A0%E9%B1%BC%E5%93%A5&id=7 HTTP/1.1" 200 12538]
[2023-12-02 18:08:59,317][INFO][basehttp][basehttp.py:124]["GET /set_avatar/%E6%B5%B7%E7%BB%B5%E5%AE%9D%E5%AE%9D/ HTTP/1.1" 200 54]
[2023-12-02 18:09:00,512][INFO][basehttp][basehttp.py:124]["POST /shop_car/ HTTP/1.1" 200 40]
[2023-12-02 18:09:01,011][INFO][basehttp][basehttp.py:124]["OPTIONS /up_or_down/7/ HTTP/1.1" 200 0]
[2023-12-02 18:09:01,102][INFO][basehttp][basehttp.py:124]["PUT /up_or_down/7/ HTTP/1.1" 200 31]
[2023-12-02 18:09:03,468][INFO][basehttp][basehttp.py:124]["OPTIONS /backend/%E6%B5%B7%E7%BB%B5%E5%AE%9D%E5%AE%9D/ HTTP/1.1" 200 0]
[2023-12-02 18:09:03,568][INFO][basehttp][basehttp.py:124]["GET /backend/%E6%B5%B7%E7%BB%B5%E5%AE%9D%E5%AE%9D/ HTTP/1.1" 200 1167]
[2023-12-02 18:09:03,569][INFO][basehttp][basehttp.py:124]["GET /backend/%E6%B5%B7%E7%BB%B5%E5%AE%9D%E5%AE%9D/ HTTP/1.1" 200 1167]
[2023-12-02 18:09:03,608][INFO][basehttp][basehttp.py:124]["GET /set_avatar/%E6%B5%B7%E7%BB%B5%E5%AE%9D%E5%AE%9D/ HTTP/1.1" 200 54]
[2023-12-02 18:09:04,566][INFO][basehttp][basehttp.py:124]["OPTIONS /pay/ HTTP/1.1" 200 0]
[2023-12-02 18:09:04,757][INFO][basehttp][basehttp.py:124]["POST /pay/ HTTP/1.1" 200 31]
[2023-12-02 18:09:05,901][INFO][basehttp][basehttp.py:124]["GET /backend/%E6%B5%B7%E7%BB%B5%E5%AE%9D%E5%AE%9D/ HTTP/1.1" 200 1209]
[2023-12-02 18:09:05,947][INFO][basehttp][basehttp.py:124]["GET /set_avatar/%E6%B5%B7%E7%BB%B5%E5%AE%9D%E5%AE%9D/ HTTP/1.1" 200 54]
[2023-12-02 18:09:27,053][INFO][basehttp][basehttp.py:124]["OPTIONS /vip/%E6%B5%B7%E7%BB%B5%E5%AE%9D%E5%AE%9D/ HTTP/1.1" 200 0]
[2023-12-02 18:09:27,111][INFO][basehttp][basehttp.py:124]["PUT /vip/%E6%B5%B7%E7%BB%B5%E5%AE%9D%E5%AE%9D/ HTTP/1.1" 200 31]
[2023-12-02 18:09:29,851][INFO][basehttp][basehttp.py:124]["OPTIONS /created/ HTTP/1.1" 200 0]
[2023-12-02 18:09:29,921][INFO][basehttp][basehttp.py:124]["GET /created/ HTTP/1.1" 200 3379]
[2023-12-02 18:09:29,971][INFO][basehttp][basehttp.py:124]["GET /created/ HTTP/1.1" 200 3379]
[2023-12-02 18:09:29,988][INFO][basehttp][basehttp.py:124]["GET /media/shop_picture/w2.jpeg HTTP/1.1" 304 0]
[2023-12-02 18:09:29,989][INFO][basehttp][basehttp.py:124]["GET /media/shop_picture/w3.jpeg HTTP/1.1" 304 0]
[2023-12-02 18:09:29,989][INFO][basehttp][basehttp.py:124]["GET /media/shop_picture/w6.jpeg HTTP/1.1" 304 0]
[2023-12-02 18:09:29,990][INFO][basehttp][basehttp.py:124]["GET /media/shop_picture/w5.jpeg HTTP/1.1" 304 0]
[2023-12-02 18:09:29,990][INFO][basehttp][basehttp.py:124]["GET /media/shop_picture/w7.jpeg HTTP/1.1" 304 0]
[2023-12-02 18:09:29,990][INFO][basehttp][basehttp.py:124]["GET /media/shop_picture/w4.jpeg HTTP/1.1" 304 0]
[2023-12-02 18:09:29,995][INFO][basehttp][basehttp.py:124]["GET /media/shop_picture/w8.jpeg HTTP/1.1" 304 0]
[2023-12-02 18:09:30,008][INFO][basehttp][basehttp.py:124]["GET /media/shop_picture/w9.jpeg HTTP/1.1" 304 0]
[2023-12-02 18:09:30,009][INFO][basehttp][basehttp.py:124]["GET /media/shop_picture/w10.jpeg HTTP/1.1" 304 0]
[2023-12-02 18:09:32,183][INFO][basehttp][basehttp.py:124]["GET /created/ HTTP/1.1" 200 3379]
[2023-12-02 18:09:34,553][INFO][basehttp][basehttp.py:124]["GET /created/ HTTP/1.1" 200 3379]
[2023-12-02 18:09:36,043][INFO][basehttp][basehttp.py:124]["GET /site/?mall__site_name=%E6%B4%BE%E5%A4%A7%E6%98%9F&tags__id=13 HTTP/1.1" 200 7227]
[2023-12-02 18:09:36,057][INFO][basehttp][basehttp.py:124]["GET /set_avatar/%E6%B5%B7%E7%BB%B5%E5%AE%9D%E5%AE%9D/ HTTP/1.1" 200 54]
[2023-12-02 18:09:37,623][INFO][basehttp][basehttp.py:124]["GET /goods_detail/?mall__site_name=%E6%B4%BE%E5%A4%A7%E6%98%9F&id=11 HTTP/1.1" 200 1397]
[2023-12-02 18:09:37,638][INFO][basehttp][basehttp.py:124]["GET /set_avatar/%E6%B5%B7%E7%BB%B5%E5%AE%9D%E5%AE%9D/ HTTP/1.1" 200 54]
[2023-12-02 18:09:39,619][INFO][basehttp][basehttp.py:124]["PUT /up_or_down/11/ HTTP/1.1" 200 31]
[2023-12-02 18:09:43,836][INFO][basehttp][basehttp.py:124]["GET /goods_detail/?mall__site_name=%E6%B4%BE%E5%A4%A7%E6%98%9F&id=11 HTTP/1.1" 200 1397]
[2023-12-02 18:09:43,842][INFO][basehttp][basehttp.py:124]["GET /media/shop_picture/w11.jpeg HTTP/1.1" 304 0]
[2023-12-02 18:09:50,628][INFO][basehttp][basehttp.py:124]["POST /login/ HTTP/1.1" 200 254]
[2023-12-02 18:09:50,680][INFO][basehttp][basehttp.py:124]["GET /home/ HTTP/1.1" 200 5638]
[2023-12-02 18:09:50,691][INFO][basehttp][basehttp.py:124]["GET /media/shop_picture/w1.jpeg HTTP/1.1" 304 0]
[2023-12-02 18:09:50,696][INFO][basehttp][basehttp.py:124]["GET /media/shop_picture/w12.jpeg HTTP/1.1" 304 0]
[2023-12-02 18:09:50,697][INFO][basehttp][basehttp.py:124]["GET /set_avatar/%E6%B4%BE%E5%A4%A7%E6%98%9F/ HTTP/1.1" 200 54]
[2023-12-02 18:09:50,698][INFO][basehttp][basehttp.py:124]["GET /media/shop_picture/w13.jpeg HTTP/1.1" 304 0]
[2023-12-02 18:09:50,699][INFO][basehttp][basehttp.py:124]["GET /media/shop_picture/w14.jpeg HTTP/1.1" 304 0]
[2023-12-02 18:09:52,665][INFO][basehttp][basehttp.py:124]["GET /goods_detail/?mall__site_name=%E6%B5%B7%E7%BB%B5%E5%AE%9D%E5%AE%9D&id=3 HTTP/1.1" 200 11489]
[2023-12-02 18:09:52,677][INFO][basehttp][basehttp.py:124]["GET /set_avatar/%E6%B4%BE%E5%A4%A7%E6%98%9F/ HTTP/1.1" 200 54]
[2023-12-02 18:09:54,205][INFO][basehttp][basehttp.py:124]["POST /shop_car/ HTTP/1.1" 200 40]
[2023-12-02 18:09:54,728][INFO][basehttp][basehttp.py:124]["OPTIONS /up_or_down/3/ HTTP/1.1" 200 0]
[2023-12-02 18:09:54,806][INFO][basehttp][basehttp.py:124]["PUT /up_or_down/3/ HTTP/1.1" 200 31]
[2023-12-02 18:09:56,487][INFO][basehttp][basehttp.py:124]["GET /home/ HTTP/1.1" 200 5638]
[2023-12-02 18:09:56,549][INFO][basehttp][basehttp.py:124]["GET /home/ HTTP/1.1" 200 5638]
[2023-12-02 18:09:56,564][INFO][basehttp][basehttp.py:124]["GET /set_avatar/%E6%B4%BE%E5%A4%A7%E6%98%9F/ HTTP/1.1" 200 54]
[2023-12-02 18:09:59,187][INFO][basehttp][basehttp.py:124]["GET /goods_detail/?mall__site_name=%E6%B5%B7%E7%BB%B5%E5%AE%9D%E5%AE%9D&id=4 HTTP/1.1" 200 10750]
[2023-12-02 18:09:59,211][INFO][basehttp][basehttp.py:124]["GET /set_avatar/%E6%B4%BE%E5%A4%A7%E6%98%9F/ HTTP/1.1" 200 54]
[2023-12-02 18:10:03,226][INFO][basehttp][basehttp.py:124]["POST /shop_car/ HTTP/1.1" 200 40]
[2023-12-02 18:10:03,728][INFO][basehttp][basehttp.py:124]["OPTIONS /up_or_down/4/ HTTP/1.1" 200 0]
[2023-12-02 18:10:03,827][INFO][basehttp][basehttp.py:124]["PUT /up_or_down/4/ HTTP/1.1" 200 31]
[2023-12-02 18:10:05,413][INFO][basehttp][basehttp.py:124]["GET /home/ HTTP/1.1" 200 5638]
[2023-12-02 18:10:05,435][INFO][basehttp][basehttp.py:124]["GET /set_avatar/%E6%B4%BE%E5%A4%A7%E6%98%9F/ HTTP/1.1" 200 54]
[2023-12-02 18:10:05,715][INFO][basehttp][basehttp.py:124]["GET /home/ HTTP/1.1" 200 5638]
[2023-12-02 18:10:05,728][INFO][basehttp][basehttp.py:124]["GET /set_avatar/%E6%B4%BE%E5%A4%A7%E6%98%9F/ HTTP/1.1" 200 54]
[2023-12-02 18:10:10,049][INFO][basehttp][basehttp.py:124]["GET /goods_detail/?mall__site_name=%E6%B5%B7%E7%BB%B5%E5%AE%9D%E5%AE%9D&id=5 HTTP/1.1" 200 1356]
[2023-12-02 18:10:10,073][INFO][basehttp][basehttp.py:124]["GET /set_avatar/%E6%B4%BE%E5%A4%A7%E6%98%9F/ HTTP/1.1" 200 54]
[2023-12-02 18:10:11,106][INFO][basehttp][basehttp.py:124]["POST /shop_car/ HTTP/1.1" 200 40]
[2023-12-02 18:10:11,712][INFO][basehttp][basehttp.py:124]["OPTIONS /up_or_down/5/ HTTP/1.1" 200 0]
[2023-12-02 18:10:11,778][INFO][basehttp][basehttp.py:124]["PUT /up_or_down/5/ HTTP/1.1" 200 31]
[2023-12-02 18:10:12,898][INFO][basehttp][basehttp.py:124]["GET /home/ HTTP/1.1" 200 5638]
[2023-12-02 18:10:12,974][INFO][basehttp][basehttp.py:124]["GET /home/ HTTP/1.1" 200 5638]
[2023-12-02 18:10:12,988][INFO][basehttp][basehttp.py:124]["GET /set_avatar/%E6%B4%BE%E5%A4%A7%E6%98%9F/ HTTP/1.1" 200 54]
[2023-12-02 18:10:15,418][INFO][basehttp][basehttp.py:124]["GET /goods_detail/?mall__site_name=%E7%AB%A0%E9%B1%BC%E5%93%A5&id=6 HTTP/1.1" 200 12085]
[2023-12-02 18:10:15,438][INFO][basehttp][basehttp.py:124]["GET /set_avatar/%E6%B4%BE%E5%A4%A7%E6%98%9F/ HTTP/1.1" 200 54]
[2023-12-02 18:10:17,329][INFO][basehttp][basehttp.py:124]["POST /shop_car/ HTTP/1.1" 200 40]
[2023-12-02 18:10:18,074][INFO][basehttp][basehttp.py:124]["PUT /up_or_down/6/ HTTP/1.1" 200 31]
[2023-12-02 18:10:20,268][INFO][basehttp][basehttp.py:124]["OPTIONS /backend/%E6%B4%BE%E5%A4%A7%E6%98%9F/ HTTP/1.1" 200 0]
[2023-12-02 18:10:20,317][INFO][basehttp][basehttp.py:124]["GET /backend/%E6%B4%BE%E5%A4%A7%E6%98%9F/ HTTP/1.1" 200 1342]
[2023-12-02 18:10:20,362][INFO][basehttp][basehttp.py:124]["GET /backend/%E6%B4%BE%E5%A4%A7%E6%98%9F/ HTTP/1.1" 200 1342]
[2023-12-02 18:10:20,398][INFO][basehttp][basehttp.py:124]["GET /set_avatar/%E6%B4%BE%E5%A4%A7%E6%98%9F/ HTTP/1.1" 200 54]
[2023-12-02 18:10:21,226][INFO][basehttp][basehttp.py:124]["POST /pay/ HTTP/1.1" 200 31]
[2023-12-02 18:10:22,165][INFO][basehttp][basehttp.py:124]["GET /backend/%E6%B4%BE%E5%A4%A7%E6%98%9F/ HTTP/1.1" 200 1385]
[2023-12-02 18:10:22,197][INFO][basehttp][basehttp.py:124]["GET /set_avatar/%E6%B4%BE%E5%A4%A7%E6%98%9F/ HTTP/1.1" 200 54]
[2023-12-02 18:10:28,619][INFO][basehttp][basehttp.py:124]["OPTIONS /vip/%E6%B4%BE%E5%A4%A7%E6%98%9F/ HTTP/1.1" 200 0]
[2023-12-02 18:10:28,662][INFO][basehttp][basehttp.py:124]["PUT /vip/%E6%B4%BE%E5%A4%A7%E6%98%9F/ HTTP/1.1" 200 31]
[2023-12-02 18:10:34,893][INFO][basehttp][basehttp.py:124]["OPTIONS /backend/null/ HTTP/1.1" 200 0]
[2023-12-02 18:10:34,898][ERROR][exceptions][exceptions.py:7][view是:BackendCreatedView , 错误是Error decoding signature.]
[2023-12-02 18:10:34,899][INFO][basehttp][basehttp.py:124]["GET /backend/null/ HTTP/1.1" 200 72]
[2023-12-02 18:10:44,345][INFO][basehttp][basehttp.py:124]["POST /login/ HTTP/1.1" 200 251]
[2023-12-02 18:10:44,393][INFO][basehttp][basehttp.py:124]["GET /home/ HTTP/1.1" 200 5638]
[2023-12-02 18:10:44,404][INFO][basehttp][basehttp.py:124]["GET /set_avatar/%E7%AB%A0%E9%B1%BC%E5%93%A5/ HTTP/1.1" 200 54]
[2023-12-02 18:10:44,407][INFO][basehttp][basehttp.py:124]["GET /media/avatar/w2.jpg HTTP/1.1" 304 0]
[2023-12-02 18:10:44,407][INFO][basehttp][basehttp.py:124]["GET /media/avatar/w1.jpg HTTP/1.1" 304 0]
[2023-12-02 18:10:44,415][INFO][basehttp][basehttp.py:124]["GET /media/avatar/w3.jpg HTTP/1.1" 304 0]
[2023-12-02 18:10:44,415][INFO][basehttp][basehttp.py:124]["GET /media/shop_picture/w6.jpeg HTTP/1.1" 304 0]
[2023-12-02 18:10:44,415][INFO][basehttp][basehttp.py:124]["GET /media/shop_picture/w7.jpeg HTTP/1.1" 304 0]
[2023-12-02 18:10:44,418][INFO][basehttp][basehttp.py:124]["GET /media/shop_picture/w8.jpeg HTTP/1.1" 304 0]
[2023-12-02 18:10:44,418][INFO][basehttp][basehttp.py:124]["GET /media/shop_picture/w9.jpeg HTTP/1.1" 304 0]
[2023-12-02 18:10:44,421][INFO][basehttp][basehttp.py:124]["GET /media/shop_picture/w10.jpeg HTTP/1.1" 304 0]
[2023-12-02 18:10:44,421][INFO][basehttp][basehttp.py:124]["GET /media/shop_picture/w11.jpeg HTTP/1.1" 304 0]
[2023-12-02 18:10:44,430][INFO][basehttp][basehttp.py:124]["GET /media/shop_picture/w12.jpeg HTTP/1.1" 304 0]
[2023-12-02 18:10:44,431][INFO][basehttp][basehttp.py:124]["GET /media/shop_picture/w13.jpeg HTTP/1.1" 304 0]
[2023-12-02 18:10:44,431][INFO][basehttp][basehttp.py:124]["GET /media/shop_picture/w14.jpeg HTTP/1.1" 304 0]
[2023-12-02 18:10:47,416][INFO][basehttp][basehttp.py:124]["GET /goods_detail/?mall__site_name=%E6%B4%BE%E5%A4%A7%E6%98%9F&id=1 HTTP/1.1" 200 11756]
[2023-12-02 18:10:47,439][INFO][basehttp][basehttp.py:124]["GET /set_avatar/%E7%AB%A0%E9%B1%BC%E5%93%A5/ HTTP/1.1" 200 54]
[2023-12-02 18:10:49,530][INFO][basehttp][basehttp.py:124]["POST /shop_car/ HTTP/1.1" 200 40]
[2023-12-02 18:10:50,157][INFO][basehttp][basehttp.py:124]["PUT /up_or_down/1/ HTTP/1.1" 200 31]
[2023-12-02 18:10:52,280][INFO][basehttp][basehttp.py:124]["GET /site/?mall__site_name=%E6%B4%BE%E5%A4%A7%E6%98%9F HTTP/1.1" 200 7227]
[2023-12-02 18:10:52,310][INFO][basehttp][basehttp.py:124]["GET /set_avatar/%E7%AB%A0%E9%B1%BC%E5%93%A5/ HTTP/1.1" 200 54]
[2023-12-02 18:10:54,517][INFO][basehttp][basehttp.py:124]["GET /goods_detail/?mall__site_name=%E6%B4%BE%E5%A4%A7%E6%98%9F&id=2 HTTP/1.1" 200 12138]
[2023-12-02 18:10:54,540][INFO][basehttp][basehttp.py:124]["GET /set_avatar/%E7%AB%A0%E9%B1%BC%E5%93%A5/ HTTP/1.1" 200 54]
[2023-12-02 18:10:55,732][INFO][basehttp][basehttp.py:124]["POST /shop_car/ HTTP/1.1" 200 40]
[2023-12-02 18:10:56,477][INFO][basehttp][basehttp.py:124]["PUT /up_or_down/2/ HTTP/1.1" 200 31]
[2023-12-02 18:10:57,970][INFO][basehttp][basehttp.py:124]["GET /home/ HTTP/1.1" 200 5638]
[2023-12-02 18:10:58,028][INFO][basehttp][basehttp.py:124]["GET /home/ HTTP/1.1" 200 5638]
[2023-12-02 18:10:58,040][INFO][basehttp][basehttp.py:124]["GET /media/shop_picture/w3.jpeg HTTP/1.1" 304 0]
[2023-12-02 18:10:58,043][INFO][basehttp][basehttp.py:124]["GET /media/shop_picture/w5.jpeg HTTP/1.1" 304 0]
[2023-12-02 18:10:58,043][INFO][basehttp][basehttp.py:124]["GET /media/shop_picture/w4.jpeg HTTP/1.1" 304 0]
[2023-12-02 18:10:58,047][INFO][basehttp][basehttp.py:124]["GET /set_avatar/%E7%AB%A0%E9%B1%BC%E5%93%A5/ HTTP/1.1" 200 54]
[2023-12-02 18:10:59,580][INFO][basehttp][basehttp.py:124]["GET /goods_detail/?mall__site_name=%E6%B5%B7%E7%BB%B5%E5%AE%9D%E5%AE%9D&id=3 HTTP/1.1" 200 11489]
[2023-12-02 18:10:59,602][INFO][basehttp][basehttp.py:124]["GET /set_avatar/%E7%AB%A0%E9%B1%BC%E5%93%A5/ HTTP/1.1" 200 54]
[2023-12-02 18:11:00,809][INFO][basehttp][basehttp.py:124]["POST /shop_car/ HTTP/1.1" 200 40]
[2023-12-02 18:11:01,559][INFO][basehttp][basehttp.py:124]["PUT /up_or_down/3/ HTTP/1.1" 200 31]
[2023-12-02 18:11:04,126][INFO][basehttp][basehttp.py:124]["GET /site/?mall__site_name=%E6%B5%B7%E7%BB%B5%E5%AE%9D%E5%AE%9D HTTP/1.1" 200 7159]
[2023-12-02 18:11:04,138][INFO][basehttp][basehttp.py:124]["GET /set_avatar/%E7%AB%A0%E9%B1%BC%E5%93%A5/ HTTP/1.1" 200 54]
[2023-12-02 18:11:05,399][INFO][basehttp][basehttp.py:124]["GET /goods_detail/?mall__site_name=%E6%B5%B7%E7%BB%B5%E5%AE%9D%E5%AE%9D&id=4 HTTP/1.1" 200 10750]
[2023-12-02 18:11:05,449][INFO][basehttp][basehttp.py:124]["GET /set_avatar/%E7%AB%A0%E9%B1%BC%E5%93%A5/ HTTP/1.1" 200 54]
[2023-12-02 18:11:06,804][INFO][basehttp][basehttp.py:124]["POST /shop_car/ HTTP/1.1" 200 40]
[2023-12-02 18:11:07,382][INFO][basehttp][basehttp.py:124]["PUT /up_or_down/4/ HTTP/1.1" 200 31]
[2023-12-02 18:11:09,056][INFO][basehttp][basehttp.py:124]["GET /home/ HTTP/1.1" 200 5638]
[2023-12-02 18:11:09,122][INFO][basehttp][basehttp.py:124]["GET /home/ HTTP/1.1" 200 5638]
[2023-12-02 18:11:09,131][INFO][basehttp][basehttp.py:124]["GET /media/shop_picture/w2.jpeg HTTP/1.1" 304 0]
[2023-12-02 18:11:09,135][INFO][basehttp][basehttp.py:124]["GET /set_avatar/%E7%AB%A0%E9%B1%BC%E5%93%A5/ HTTP/1.1" 200 54]
[2023-12-02 18:11:12,086][INFO][basehttp][basehttp.py:124]["OPTIONS /backend/%E7%AB%A0%E9%B1%BC%E5%93%A5/ HTTP/1.1" 200 0]
[2023-12-02 18:11:12,112][INFO][basehttp][basehttp.py:124]["GET /backend/%E7%AB%A0%E9%B1%BC%E5%93%A5/ HTTP/1.1" 200 1043]
[2023-12-02 18:11:12,175][INFO][basehttp][basehttp.py:124]["GET /backend/%E7%AB%A0%E9%B1%BC%E5%93%A5/ HTTP/1.1" 200 1043]
[2023-12-02 18:11:12,187][INFO][basehttp][basehttp.py:124]["GET /set_avatar/%E7%AB%A0%E9%B1%BC%E5%93%A5/ HTTP/1.1" 200 54]
[2023-12-02 18:11:13,115][INFO][basehttp][basehttp.py:124]["POST /pay/ HTTP/1.1" 200 31]
[2023-12-02 18:11:13,866][INFO][basehttp][basehttp.py:124]["GET /backend/%E7%AB%A0%E9%B1%BC%E5%93%A5/ HTTP/1.1" 200 1085]
[2023-12-02 18:11:13,915][INFO][basehttp][basehttp.py:124]["GET /set_avatar/%E7%AB%A0%E9%B1%BC%E5%93%A5/ HTTP/1.1" 200 54]
[2023-12-02 18:11:17,317][INFO][basehttp][basehttp.py:124]["OPTIONS /vip/%E7%AB%A0%E9%B1%BC%E5%93%A5/ HTTP/1.1" 200 0]
[2023-12-02 18:11:17,363][INFO][basehttp][basehttp.py:124]["PUT /vip/%E7%AB%A0%E9%B1%BC%E5%93%A5/ HTTP/1.1" 200 31]
[2023-12-02 18:11:20,273][INFO][basehttp][basehttp.py:124]["GET /created/ HTTP/1.1" 200 3379]
[2023-12-02 18:11:20,316][INFO][basehttp][basehttp.py:124]["GET /created/ HTTP/1.1" 200 3379]
[2023-12-02 18:11:22,046][INFO][basehttp][basehttp.py:124]["GET /site/?mall__site_name=%E6%B4%BE%E5%A4%A7%E6%98%9F&tags__id=13 HTTP/1.1" 200 7227]
[2023-12-02 18:11:22,063][INFO][basehttp][basehttp.py:124]["GET /set_avatar/%E7%AB%A0%E9%B1%BC%E5%93%A5/ HTTP/1.1" 200 54]
[2023-12-02 18:11:25,260][INFO][basehttp][basehttp.py:124]["GET /goods_detail/?mall__site_name=%E6%B4%BE%E5%A4%A7%E6%98%9F&id=11 HTTP/1.1" 200 1397]
[2023-12-02 18:11:25,297][INFO][basehttp][basehttp.py:124]["GET /set_avatar/%E7%AB%A0%E9%B1%BC%E5%93%A5/ HTTP/1.1" 200 54]
[2023-12-02 18:11:26,542][INFO][basehttp][basehttp.py:124]["PUT /up_or_down/11/ HTTP/1.1" 200 31]
[2023-12-02 18:11:28,092][INFO][basehttp][basehttp.py:124]["GET /created/ HTTP/1.1" 200 3379]
[2023-12-02 18:11:28,136][INFO][basehttp][basehttp.py:124]["GET /created/ HTTP/1.1" 200 3379]
[2023-12-02 18:11:28,142][INFO][basehttp][basehttp.py:124]["GET /media/shop_picture/w1.jpeg HTTP/1.1" 304 0]
[2023-12-02 18:11:29,145][INFO][basehttp][basehttp.py:124]["GET /created/ HTTP/1.1" 200 3379]
[2023-12-02 18:11:33,725][INFO][basehttp][basehttp.py:124]["OPTIONS /exhibit/ HTTP/1.1" 200 0]
[2023-12-02 18:11:33,729][INFO][basehttp][basehttp.py:124]["POST /exhibit/ HTTP/1.1" 200 59]
[2023-12-02 18:11:37,353][INFO][basehttp][basehttp.py:124]["POST /exhibit/ HTTP/1.1" 200 80]
[2023-12-02 18:11:42,295][INFO][basehttp][basehttp.py:124]["GET /home/ HTTP/1.1" 200 5638]
[2023-12-02 18:11:42,312][INFO][basehttp][basehttp.py:124]["GET /set_avatar/%E7%AB%A0%E9%B1%BC%E5%93%A5/ HTTP/1.1" 200 54]
[2023-12-02 18:11:42,312][INFO][basehttp][basehttp.py:124]["GET /media/shop_picture/w12.jpeg HTTP/1.1" 304 0]
[2023-12-02 18:11:42,328][INFO][basehttp][basehttp.py:124]["GET /media/shop_picture/w13.jpeg HTTP/1.1" 304 0]
[2023-12-02 18:11:42,329][INFO][basehttp][basehttp.py:124]["GET /media/shop_picture/w14.jpeg HTTP/1.1" 304 0]
[2023-12-02 18:11:46,086][INFO][basehttp][basehttp.py:124]["GET /site/?mall__site_name=%E6%B5%B7%E7%BB%B5%E5%AE%9D%E5%AE%9D HTTP/1.1" 200 7159]
[2023-12-02 18:11:46,100][INFO][basehttp][basehttp.py:124]["GET /set_avatar/%E7%AB%A0%E9%B1%BC%E5%93%A5/ HTTP/1.1" 200 54]
[2023-12-02 18:11:51,662][INFO][basehttp][basehttp.py:124]["GET /home/ HTTP/1.1" 200 5638]
[2023-12-02 18:11:51,724][INFO][basehttp][basehttp.py:124]["GET /home/ HTTP/1.1" 200 5638]
[2023-12-02 18:11:51,738][INFO][basehttp][basehttp.py:124]["GET /media/shop_picture/w9.jpeg HTTP/1.1" 304 0]
[2023-12-02 18:11:51,739][INFO][basehttp][basehttp.py:124]["GET /media/shop_picture/w10.jpeg HTTP/1.1" 304 0]
[2023-12-02 18:11:51,741][INFO][basehttp][basehttp.py:124]["GET /media/shop_picture/w11.jpeg HTTP/1.1" 304 0]
[2023-12-02 18:11:51,741][INFO][basehttp][basehttp.py:124]["GET /set_avatar/%E7%AB%A0%E9%B1%BC%E5%93%A5/ HTTP/1.1" 200 54]
[2023-12-02 18:11:53,106][INFO][basehttp][basehttp.py:124]["GET /site/?mall__site_name=%E6%B4%BE%E5%A4%A7%E6%98%9F HTTP/1.1" 200 7227]
[2023-12-02 18:11:53,130][INFO][basehttp][basehttp.py:124]["GET /set_avatar/%E7%AB%A0%E9%B1%BC%E5%93%A5/ HTTP/1.1" 200 54]
[2023-12-02 18:11:56,998][INFO][basehttp][basehttp.py:124]["GET /home/ HTTP/1.1" 200 5638]
[2023-12-02 18:11:57,056][INFO][basehttp][basehttp.py:124]["GET /home/ HTTP/1.1" 200 5638]
[2023-12-02 18:11:57,067][INFO][basehttp][basehttp.py:124]["GET /set_avatar/%E7%AB%A0%E9%B1%BC%E5%93%A5/ HTTP/1.1" 200 54]
[2023-12-02 18:11:57,072][INFO][basehttp][basehttp.py:124]["GET /media/shop_picture/w8.jpeg HTTP/1.1" 304 0]
[2023-12-02 18:11:59,810][INFO][basehttp][basehttp.py:124]["GET /site/?mall__site_name=%E7%AB%A0%E9%B1%BC%E5%93%A5 HTTP/1.1" 200 5602]
[2023-12-02 18:11:59,822][INFO][basehttp][basehttp.py:124]["GET /set_avatar/%E7%AB%A0%E9%B1%BC%E5%93%A5/ HTTP/1.1" 200 54]
[2023-12-02 18:12:07,357][INFO][basehttp][basehttp.py:124]["GET /site/?mall__site_name=%E7%AB%A0%E9%B1%BC%E5%93%A5&tags__id=33 HTTP/1.1" 200 1436]
[2023-12-02 18:12:07,370][INFO][basehttp][basehttp.py:124]["GET /media/shop_picture/w6.jpeg HTTP/1.1" 304 0]
[2023-12-02 18:12:07,374][INFO][basehttp][basehttp.py:124]["GET /set_avatar/%E7%AB%A0%E9%B1%BC%E5%93%A5/ HTTP/1.1" 200 54]
[2023-12-02 18:12:09,220][INFO][basehttp][basehttp.py:124]["GET /site/?mall__site_name=%E7%AB%A0%E9%B1%BC%E5%93%A5&tags__id=34 HTTP/1.1" 200 2801]
[2023-12-02 18:12:09,231][INFO][basehttp][basehttp.py:124]["GET /media/shop_picture/w7.jpeg HTTP/1.1" 304 0]
[2023-12-02 18:12:09,236][INFO][basehttp][basehttp.py:124]["GET /set_avatar/%E7%AB%A0%E9%B1%BC%E5%93%A5/ HTTP/1.1" 200 54]
[2023-12-02 18:12:11,082][INFO][basehttp][basehttp.py:124]["GET /site/?mall__site_name=%E7%AB%A0%E9%B1%BC%E5%93%A5&tags__id=36 HTTP/1.1" 200 1367]
[2023-12-02 18:12:11,105][INFO][basehttp][basehttp.py:124]["GET /set_avatar/%E7%AB%A0%E9%B1%BC%E5%93%A5/ HTTP/1.1" 200 54]
[2023-12-02 18:12:12,770][INFO][basehttp][basehttp.py:124]["GET /site/?mall__site_name=%E7%AB%A0%E9%B1%BC%E5%93%A5&category_id=9 HTTP/1.1" 200 1367]
[2023-12-02 18:12:12,788][INFO][basehttp][basehttp.py:124]["GET /set_avatar/%E7%AB%A0%E9%B1%BC%E5%93%A5/ HTTP/1.1" 200 54]
[2023-12-02 18:12:13,483][INFO][basehttp][basehttp.py:124]["GET /site/?mall__site_name=%E7%AB%A0%E9%B1%BC%E5%93%A5&category_id=8 HTTP/1.1" 200 1330]
[2023-12-02 18:12:13,494][INFO][basehttp][basehttp.py:124]["GET /set_avatar/%E7%AB%A0%E9%B1%BC%E5%93%A5/ HTTP/1.1" 200 54]
[2023-12-02 18:12:14,413][INFO][basehttp][basehttp.py:124]["GET /site/?mall__site_name=%E7%AB%A0%E9%B1%BC%E5%93%A5&category_id=7 HTTP/1.1" 200 2907]
[2023-12-02 18:12:14,439][INFO][basehttp][basehttp.py:124]["GET /set_avatar/%E7%AB%A0%E9%B1%BC%E5%93%A5/ HTTP/1.1" 200 54]
[2023-12-02 18:12:16,722][INFO][basehttp][basehttp.py:124]["GET /backend/%E7%AB%A0%E9%B1%BC%E5%93%A5/ HTTP/1.1" 200 1085]
[2023-12-02 18:12:16,780][INFO][basehttp][basehttp.py:124]["GET /backend/%E7%AB%A0%E9%B1%BC%E5%93%A5/ HTTP/1.1" 200 1085]
[2023-12-02 18:12:16,818][INFO][basehttp][basehttp.py:124]["GET /set_avatar/%E7%AB%A0%E9%B1%BC%E5%93%A5/ HTTP/1.1" 200 54]
[2023-12-02 18:12:36,287][INFO][basehttp][basehttp.py:124]["OPTIONS /add_goods_created/%E7%AB%A0%E9%B1%BC%E5%93%A5/ HTTP/1.1" 200 0]
[2023-12-02 18:12:36,298][INFO][basehttp][basehttp.py:124]["GET /add_goods_created/%E7%AB%A0%E9%B1%BC%E5%93%A5/ HTTP/1.1" 200 451]
[2023-12-02 18:12:36,312][INFO][basehttp][basehttp.py:124]["GET /set_avatar/%E7%AB%A0%E9%B1%BC%E5%93%A5/ HTTP/1.1" 200 54]
[2023-12-02 18:12:36,371][INFO][basehttp][basehttp.py:124]["GET /add_goods_created/%E7%AB%A0%E9%B1%BC%E5%93%A5/ HTTP/1.1" 200 451]
[2023-12-02 18:12:36,383][INFO][basehttp][basehttp.py:124]["GET /set_avatar/%E7%AB%A0%E9%B1%BC%E5%93%A5/ HTTP/1.1" 200 54]
[2023-12-02 18:12:38,700][INFO][basehttp][basehttp.py:124]["GET /home/ HTTP/1.1" 200 5638]
[2023-12-02 18:12:38,765][INFO][basehttp][basehttp.py:124]["GET /home/ HTTP/1.1" 200 5638]
[2023-12-02 18:12:38,779][INFO][basehttp][basehttp.py:124]["GET /set_avatar/%E7%AB%A0%E9%B1%BC%E5%93%A5/ HTTP/1.1" 200 54]
[2023-12-02 18:12:38,785][INFO][basehttp][basehttp.py:124]["GET /media/shop_picture/w3.jpeg HTTP/1.1" 304 0]
[2023-12-02 18:12:38,786][INFO][basehttp][basehttp.py:124]["GET /media/shop_picture/w4.jpeg HTTP/1.1" 304 0]
[2023-12-02 18:12:38,786][INFO][basehttp][basehttp.py:124]["GET /media/shop_picture/w5.jpeg HTTP/1.1" 304 0]
[2023-12-02 18:12:39,496][INFO][basehttp][basehttp.py:124]["GET /created/ HTTP/1.1" 200 3379]
[2023-12-02 18:12:39,551][INFO][basehttp][basehttp.py:124]["GET /created/ HTTP/1.1" 200 3379]
[2023-12-02 18:12:46,015][INFO][basehttp][basehttp.py:124]["GET /home/ HTTP/1.1" 200 5638]
[2023-12-02 18:12:46,032][INFO][basehttp][basehttp.py:124]["GET /media/shop_picture/w12.jpeg HTTP/1.1" 304 0]
[2023-12-02 18:12:46,032][INFO][basehttp][basehttp.py:124]["GET /media/shop_picture/w14.jpeg HTTP/1.1" 304 0]
[2023-12-02 18:12:46,033][INFO][basehttp][basehttp.py:124]["GET /set_avatar/%E7%AB%A0%E9%B1%BC%E5%93%A5/ HTTP/1.1" 200 54]
[2023-12-02 18:12:46,033][INFO][basehttp][basehttp.py:124]["GET /media/shop_picture/w13.jpeg HTTP/1.1" 304 0]
[2023-12-02 18:12:47,046][INFO][basehttp][basehttp.py:124]["GET /created/ HTTP/1.1" 200 3379]
[2023-12-02 18:12:47,111][INFO][basehttp][basehttp.py:124]["GET /created/ HTTP/1.1" 200 3379]
[2023-12-02 18:12:48,635][INFO][basehttp][basehttp.py:124]["GET /home/ HTTP/1.1" 200 5638]
[2023-12-02 18:12:48,649][INFO][basehttp][basehttp.py:124]["GET /set_avatar/%E7%AB%A0%E9%B1%BC%E5%93%A5/ HTTP/1.1" 200 54]
[2023-12-02 18:12:50,240][INFO][basehttp][basehttp.py:124]["GET /created/ HTTP/1.1" 200 3379]
[2023-12-02 18:12:50,299][INFO][basehttp][basehttp.py:124]["GET /created/ HTTP/1.1" 200 3379]
[2023-12-02 18:12:50,305][INFO][basehttp][basehttp.py:124]["GET /media/shop_picture/w2.jpeg HTTP/1.1" 304 0]
[2023-12-02 18:12:51,732][INFO][basehttp][basehttp.py:124]["GET /created/ HTTP/1.1" 200 3379]
[2023-12-02 18:12:56,149][INFO][basehttp][basehttp.py:124]["GET /created/ HTTP/1.1" 200 3379]
[2023-12-02 18:12:58,367][INFO][basehttp][basehttp.py:124]["GET /home/ HTTP/1.1" 200 5638]
[2023-12-02 18:12:58,376][INFO][basehttp][basehttp.py:124]["GET /media/shop_picture/w11.jpeg HTTP/1.1" 304 0]
[2023-12-02 18:12:58,398][INFO][basehttp][basehttp.py:124]["GET /set_avatar/%E7%AB%A0%E9%B1%BC%E5%93%A5/ HTTP/1.1" 200 54]
[2023-12-02 18:13:00,419][INFO][basehttp][basehttp.py:124]["GET /backend/%E7%AB%A0%E9%B1%BC%E5%93%A5/ HTTP/1.1" 200 1085]
[2023-12-02 18:13:00,481][INFO][basehttp][basehttp.py:124]["GET /backend/%E7%AB%A0%E9%B1%BC%E5%93%A5/ HTTP/1.1" 200 1085]
[2023-12-02 18:13:00,517][INFO][basehttp][basehttp.py:124]["GET /set_avatar/%E7%AB%A0%E9%B1%BC%E5%93%A5/ HTTP/1.1" 200 54]
[2023-12-02 18:13:05,791][INFO][basehttp][basehttp.py:124]["GET /home/ HTTP/1.1" 200 5638]
[2023-12-02 18:13:05,846][INFO][basehttp][basehttp.py:124]["GET /home/ HTTP/1.1" 200 5638]
[2023-12-02 18:13:05,859][INFO][basehttp][basehttp.py:124]["GET /media/shop_picture/w9.jpeg HTTP/1.1" 304 0]
[2023-12-02 18:13:05,860][INFO][basehttp][basehttp.py:124]["GET /media/shop_picture/w10.jpeg HTTP/1.1" 304 0]
[2023-12-02 18:13:05,861][INFO][basehttp][basehttp.py:124]["GET /set_avatar/%E7%AB%A0%E9%B1%BC%E5%93%A5/ HTTP/1.1" 200 54]
[2023-12-02 18:13:07,887][INFO][basehttp][basehttp.py:124]["GET /home/ HTTP/1.1" 200 5638]
[2023-12-02 18:13:15,896][INFO][basehttp][basehttp.py:124]["POST /login/ HTTP/1.1" 200 254]
[2023-12-02 18:13:15,947][INFO][basehttp][basehttp.py:124]["GET /home/ HTTP/1.1" 200 5638]
[2023-12-02 18:13:15,958][INFO][basehttp][basehttp.py:124]["GET /media/shop_picture/w1.jpeg HTTP/1.1" 304 0]
[2023-12-02 18:13:15,962][INFO][basehttp][basehttp.py:124]["GET /set_avatar/%E6%B4%BE%E5%A4%A7%E6%98%9F/ HTTP/1.1" 200 54]
[2023-12-02 18:13:18,904][INFO][basehttp][basehttp.py:124]["GET /backend/%E6%B4%BE%E5%A4%A7%E6%98%9F/ HTTP/1.1" 200 1565]
[2023-12-02 18:13:18,927][INFO][basehttp][basehttp.py:124]["GET /backend/%E6%B4%BE%E5%A4%A7%E6%98%9F/ HTTP/1.1" 200 1565]
[2023-12-02 18:13:18,938][INFO][basehttp][basehttp.py:124]["GET /set_avatar/%E6%B4%BE%E5%A4%A7%E6%98%9F/ HTTP/1.1" 200 54]
[2023-12-02 18:13:29,002][INFO][basehttp][basehttp.py:124]["GET /goods_detail/?mall__site_name=%E6%B4%BE%E5%A4%A7%E6%98%9F&id=2 HTTP/1.1" 200 12138]
[2023-12-02 18:13:29,015][INFO][basehttp][basehttp.py:124]["GET /set_avatar/%E6%B4%BE%E5%A4%A7%E6%98%9F/ HTTP/1.1" 200 54]
[2023-12-02 18:13:30,487][INFO][basehttp][basehttp.py:124]["GET /home/ HTTP/1.1" 200 5638]
[2023-12-02 18:13:30,547][INFO][basehttp][basehttp.py:124]["GET /home/ HTTP/1.1" 200 5638]
[2023-12-02 18:13:30,562][INFO][basehttp][basehttp.py:124]["GET /media/avatar/w3.jpg HTTP/1.1" 304 0]
[2023-12-02 18:13:30,562][INFO][basehttp][basehttp.py:124]["GET /media/shop_picture/w8.jpeg HTTP/1.1" 304 0]
[2023-12-02 18:13:30,564][INFO][basehttp][basehttp.py:124]["GET /set_avatar/%E6%B4%BE%E5%A4%A7%E6%98%9F/ HTTP/1.1" 200 54]
[2023-12-02 18:13:46,686][INFO][basehttp][basehttp.py:124]["GET /goods_detail/?mall__site_name=%E6%B5%B7%E7%BB%B5%E5%AE%9D%E5%AE%9D&id=3 HTTP/1.1" 200 11489]
[2023-12-02 18:13:46,700][INFO][basehttp][basehttp.py:124]["GET /set_avatar/%E6%B4%BE%E5%A4%A7%E6%98%9F/ HTTP/1.1" 200 54]
[2023-12-02 18:13:46,706][INFO][basehttp][basehttp.py:124]["GET /media/avatar/w2.jpg HTTP/1.1" 304 0]
[2023-12-02 18:13:51,564][INFO][basehttp][basehttp.py:124]["OPTIONS /comment/ HTTP/1.1" 200 0]
[2023-12-02 18:13:51,738][INFO][basehttp][basehttp.py:124]["POST /comment/ HTTP/1.1" 200 38]
[2023-12-02 18:13:58,573][INFO][basehttp][basehttp.py:124]["GET /goods_detail/?mall__site_name=%E6%B5%B7%E7%BB%B5%E5%AE%9D%E5%AE%9D&id=3 HTTP/1.1" 200 11597]
[2023-12-02 18:13:58,586][INFO][basehttp][basehttp.py:124]["GET /set_avatar/%E6%B4%BE%E5%A4%A7%E6%98%9F/ HTTP/1.1" 200 54]
[2023-12-02 18:14:00,826][INFO][basehttp][basehttp.py:124]["POST /comment/ HTTP/1.1" 200 57]
[2023-12-02 18:14:09,512][INFO][basehttp][basehttp.py:124]["POST /comment/ HTTP/1.1" 200 38]
[2023-12-02 18:14:15,368][INFO][basehttp][basehttp.py:124]["GET /goods_detail/?mall__site_name=%E6%B5%B7%E7%BB%B5%E5%AE%9D%E5%AE%9D&id=3 HTTP/1.1" 200 11710]
[2023-12-02 18:14:15,399][INFO][basehttp][basehttp.py:124]["GET /set_avatar/%E6%B4%BE%E5%A4%A7%E6%98%9F/ HTTP/1.1" 200 54]
[2023-12-02 18:14:19,910][INFO][basehttp][basehttp.py:124]["GET /home/ HTTP/1.1" 200 5638]
[2023-12-02 18:14:19,993][INFO][basehttp][basehttp.py:124]["GET /home/ HTTP/1.1" 200 5638]
[2023-12-02 18:14:20,009][INFO][basehttp][basehttp.py:124]["GET /media/avatar/w1.jpg HTTP/1.1" 304 0]
[2023-12-02 18:14:20,010][INFO][basehttp][basehttp.py:124]["GET /media/shop_picture/w4.jpeg HTTP/1.1" 304 0]
[2023-12-02 18:14:20,011][INFO][basehttp][basehttp.py:124]["GET /media/shop_picture/w5.jpeg HTTP/1.1" 304 0]
[2023-12-02 18:14:20,011][INFO][basehttp][basehttp.py:124]["GET /media/shop_picture/w6.jpeg HTTP/1.1" 304 0]
[2023-12-02 18:14:20,019][INFO][basehttp][basehttp.py:124]["GET /media/shop_picture/w11.jpeg HTTP/1.1" 304 0]
[2023-12-02 18:14:20,019][INFO][basehttp][basehttp.py:124]["GET /media/shop_picture/w7.jpeg HTTP/1.1" 304 0]
[2023-12-02 18:14:20,022][INFO][basehttp][basehttp.py:124]["GET /media/shop_picture/w12.jpeg HTTP/1.1" 304 0]
[2023-12-02 18:14:20,025][INFO][basehttp][basehttp.py:124]["GET /media/shop_picture/w13.jpeg HTTP/1.1" 304 0]
[2023-12-02 18:14:20,026][INFO][basehttp][basehttp.py:124]["GET /set_avatar/%E6%B4%BE%E5%A4%A7%E6%98%9F/ HTTP/1.1" 200 54]
[2023-12-02 18:14:20,027][INFO][basehttp][basehttp.py:124]["GET /media/shop_picture/w14.jpeg HTTP/1.1" 304 0]
[2023-12-06 18:12:16,057][INFO][basehttp][basehttp.py:124]["GET /home/ HTTP/1.1" 200 5638]
[2023-12-06 18:12:16,086][INFO][basehttp][basehttp.py:124]["GET /media/shop_picture/w1.jpeg HTTP/1.1" 200 11883]
[2023-12-06 18:12:16,094][INFO][basehttp][basehttp.py:124]["GET /media/shop_picture/w3.jpeg HTTP/1.1" 200 4572]
[2023-12-06 18:12:16,094][INFO][basehttp][basehttp.py:124]["GET /media/shop_picture/w2.jpeg HTTP/1.1" 200 13366]
[2023-12-06 18:12:16,096][INFO][basehttp][basehttp.py:124]["GET /media/avatar/w1.jpg HTTP/1.1" 200 39304]
[2023-12-06 18:12:16,096][INFO][basehttp][basehttp.py:124]["GET /set_avatar/%E6%B4%BE%E5%A4%A7%E6%98%9F/ HTTP/1.1" 200 54]
[2023-12-06 18:12:16,097][INFO][basehttp][basehttp.py:124]["GET /media/avatar/w2.jpg HTTP/1.1" 200 32050]
[2023-12-06 18:12:16,098][INFO][basehttp][basehttp.py:124]["GET /media/shop_picture/w4.jpeg HTTP/1.1" 200 22849]
[2023-12-06 18:12:16,109][INFO][basehttp][basehttp.py:124]["GET /media/shop_picture/w5.jpeg HTTP/1.1" 200 18785]
[2023-12-06 18:12:16,115][INFO][basehttp][basehttp.py:124]["GET /media/shop_picture/w6.jpeg HTTP/1.1" 200 15094]
[2023-12-06 18:12:16,118][INFO][basehttp][basehttp.py:124]["GET /media/avatar/w3.jpg HTTP/1.1" 200 33534]
[2023-12-06 18:12:16,121][INFO][basehttp][basehttp.py:124]["GET /media/shop_picture/w7.jpeg HTTP/1.1" 200 13355]
[2023-12-06 18:12:16,125][INFO][basehttp][basehttp.py:124]["GET /media/shop_picture/w8.jpeg HTTP/1.1" 200 17648]
[2023-12-06 18:12:16,129][INFO][basehttp][basehttp.py:124]["GET /media/shop_picture/w9.jpeg HTTP/1.1" 200 16759]
[2023-12-06 18:12:16,135][INFO][basehttp][basehttp.py:124]["GET /media/shop_picture/w10.jpeg HTTP/1.1" 200 24767]
[2023-12-06 18:12:16,137][INFO][basehttp][basehttp.py:124]["GET /media/shop_picture/w11.jpeg HTTP/1.1" 200 63313]
[2023-12-06 18:12:16,144][INFO][basehttp][basehttp.py:124]["GET /media/shop_picture/w13.jpeg HTTP/1.1" 200 19666]
[2023-12-06 18:12:16,144][INFO][basehttp][basehttp.py:124]["GET /media/shop_picture/w12.jpeg HTTP/1.1" 200 22216]
[2023-12-06 18:12:16,152][INFO][basehttp][basehttp.py:124]["GET /media/shop_picture/w14.jpeg HTTP/1.1" 200 48315]
[2023-12-06 18:12:24,513][INFO][basehttp][basehttp.py:124]["OPTIONS /backend/%E6%B4%BE%E5%A4%A7%E6%98%9F/ HTTP/1.1" 200 0]
[2023-12-06 18:12:24,576][ERROR][exceptions][exceptions.py:7][view是:BackendCreatedView , 错误是Error decoding signature.]
[2023-12-06 18:12:24,577][INFO][basehttp][basehttp.py:124]["GET /backend/%E6%B4%BE%E5%A4%A7%E6%98%9F/ HTTP/1.1" 200 72]
[2023-12-06 18:12:24,922][ERROR][exceptions][exceptions.py:7][view是:BackendCreatedView , 错误是Error decoding signature.]
[2023-12-06 18:12:24,923][INFO][basehttp][basehttp.py:124]["GET /backend/%E6%B4%BE%E5%A4%A7%E6%98%9F/ HTTP/1.1" 200 72]
[2023-12-06 18:12:31,529][INFO][basehttp][basehttp.py:124]["OPTIONS /login/ HTTP/1.1" 200 0]
[2023-12-06 18:12:31,603][INFO][basehttp][basehttp.py:124]["POST /login/ HTTP/1.1" 200 254]
[2023-12-06 18:12:31,686][INFO][basehttp][basehttp.py:124]["GET /home/ HTTP/1.1" 200 5638]
[2023-12-06 18:12:31,701][INFO][basehttp][basehttp.py:124]["GET /set_avatar/%E6%B4%BE%E5%A4%A7%E6%98%9F/ HTTP/1.1" 200 54]
[2023-12-06 18:12:39,941][INFO][basehttp][basehttp.py:124]["GET /backend/%E6%B4%BE%E5%A4%A7%E6%98%9F/ HTTP/1.1" 200 1565]
[2023-12-06 18:12:39,955][INFO][basehttp][basehttp.py:124]["GET /set_avatar/%E6%B4%BE%E5%A4%A7%E6%98%9F/ HTTP/1.1" 200 54]
[2023-12-06 18:12:40,191][INFO][basehttp][basehttp.py:124]["GET /backend/%E6%B4%BE%E5%A4%A7%E6%98%9F/ HTTP/1.1" 200 1565]
[2023-12-06 18:12:40,203][INFO][basehttp][basehttp.py:124]["GET /set_avatar/%E6%B4%BE%E5%A4%A7%E6%98%9F/ HTTP/1.1" 200 54]
[2023-12-06 18:12:46,441][INFO][basehttp][basehttp.py:124]["OPTIONS /add_goods_created/%E6%B4%BE%E5%A4%A7%E6%98%9F/ HTTP/1.1" 200 0]
[2023-12-06 18:12:46,514][INFO][basehttp][basehttp.py:124]["GET /add_goods_created/%E6%B4%BE%E5%A4%A7%E6%98%9F/ HTTP/1.1" 200 451]
[2023-12-06 18:12:46,563][INFO][basehttp][basehttp.py:124]["GET /add_goods_created/%E6%B4%BE%E5%A4%A7%E6%98%9F/ HTTP/1.1" 200 451]
[2023-12-06 18:12:46,576][INFO][basehttp][basehttp.py:124]["GET /set_avatar/%E6%B4%BE%E5%A4%A7%E6%98%9F/ HTTP/1.1" 200 54]
[2023-12-06 18:12:48,243][INFO][basehttp][basehttp.py:124]["GET /home/ HTTP/1.1" 200 5638]
[2023-12-06 18:12:48,269][INFO][basehttp][basehttp.py:124]["GET /set_avatar/%E6%B4%BE%E5%A4%A7%E6%98%9F/ HTTP/1.1" 200 54]
[2023-12-06 18:12:48,556][INFO][basehttp][basehttp.py:124]["GET /home/ HTTP/1.1" 200 5638]
[2023-12-06 18:12:48,586][INFO][basehttp][basehttp.py:124]["GET /set_avatar/%E6%B4%BE%E5%A4%A7%E6%98%9F/ HTTP/1.1" 200 54]
[2023-12-06 18:12:49,911][INFO][basehttp][basehttp.py:124]["GET /site/?mall__site_name=%E6%B4%BE%E5%A4%A7%E6%98%9F HTTP/1.1" 200 7227]
[2023-12-06 18:12:49,923][INFO][basehttp][basehttp.py:124]["GET /set_avatar/%E6%B4%BE%E5%A4%A7%E6%98%9F/ HTTP/1.1" 200 54]
[2023-12-06 18:12:51,589][INFO][basehttp][basehttp.py:124]["GET /site/?mall__site_name=%E6%B4%BE%E5%A4%A7%E6%98%9F&category_id=5 HTTP/1.1" 200 1388]
[2023-12-06 18:12:51,613][INFO][basehttp][basehttp.py:124]["GET /set_avatar/%E6%B4%BE%E5%A4%A7%E6%98%9F/ HTTP/1.1" 200 54]
[2023-12-06 18:12:54,764][INFO][basehttp][basehttp.py:124]["GET /search/?search=z HTTP/1.1" 200 299]
[2023-12-06 18:12:54,778][INFO][basehttp][basehttp.py:124]["GET /set_avatar/%E6%B4%BE%E5%A4%A7%E6%98%9F/ HTTP/1.1" 200 54]
[2023-12-06 18:12:56,570][INFO][basehttp][basehttp.py:124]["GET /goods_detail/?mall__site_name=%E6%B5%B7%E7%BB%B5%E5%AE%9D%E5%AE%9D&id=5 HTTP/1.1" 200 1356]
[2023-12-06 18:12:56,574][INFO][basehttp][basehttp.py:124]["GET /set_avatar/%E6%B4%BE%E5%A4%A7%E6%98%9F/ HTTP/1.1" 200 54]
[2023-12-06 18:12:59,096][INFO][basehttp][basehttp.py:124]["GET /media/shop_picture/w5.jpeg HTTP/1.1" 200 18785]
[2023-12-06 18:12:59,860][INFO][basehttp][basehttp.py:124]["GET /home/ HTTP/1.1" 200 5638]
[2023-12-06 18:12:59,879][INFO][basehttp][basehttp.py:124]["GET /set_avatar/%E6%B4%BE%E5%A4%A7%E6%98%9F/ HTTP/1.1" 200 54]
[2023-12-06 18:13:00,178][INFO][basehttp][basehttp.py:124]["GET /home/ HTTP/1.1" 200 5638]
[2023-12-06 18:13:00,196][INFO][basehttp][basehttp.py:124]["GET /set_avatar/%E6%B4%BE%E5%A4%A7%E6%98%9F/ HTTP/1.1" 200 54]
[2023-12-06 18:13:08,340][INFO][basehttp][basehttp.py:124]["GET /site/?mall__site_name=%E6%B4%BE%E5%A4%A7%E6%98%9F HTTP/1.1" 200 7227]
[2023-12-06 18:13:08,352][INFO][basehttp][basehttp.py:124]["GET /set_avatar/%E6%B4%BE%E5%A4%A7%E6%98%9F/ HTTP/1.1" 200 54]
[2023-12-06 18:13:11,143][INFO][basehttp][basehttp.py:124]["GET /site/?mall__site_name=%E6%B4%BE%E5%A4%A7%E6%98%9F HTTP/1.1" 200 7227]
[2023-12-06 18:13:11,173][INFO][basehttp][basehttp.py:124]["GET /set_avatar/%E6%B4%BE%E5%A4%A7%E6%98%9F/ HTTP/1.1" 200 54]
[2023-12-06 18:13:21,876][INFO][basehttp][basehttp.py:124]["GET /home/ HTTP/1.1" 200 5638]
[2023-12-06 18:13:21,887][INFO][basehttp][basehttp.py:124]["GET /set_avatar/%E6%B4%BE%E5%A4%A7%E6%98%9F/ HTTP/1.1" 200 54]
[2023-12-06 18:13:22,172][INFO][basehttp][basehttp.py:124]["GET /home/ HTTP/1.1" 200 5638]
[2023-12-06 18:13:22,186][INFO][basehttp][basehttp.py:124]["GET /set_avatar/%E6%B4%BE%E5%A4%A7%E6%98%9F/ HTTP/1.1" 200 54]
[2023-12-06 18:13:25,524][INFO][basehttp][basehttp.py:124]["GET /backend/%E6%B4%BE%E5%A4%A7%E6%98%9F/ HTTP/1.1" 200 1565]
[2023-12-06 18:13:25,628][INFO][basehttp][basehttp.py:124]["GET /backend/%E6%B4%BE%E5%A4%A7%E6%98%9F/ HTTP/1.1" 200 1565]
[2023-12-06 18:13:25,663][INFO][basehttp][basehttp.py:124]["GET /set_avatar/%E6%B4%BE%E5%A4%A7%E6%98%9F/ HTTP/1.1" 200 54]
[2023-12-06 18:13:28,142][INFO][basehttp][basehttp.py:124]["OPTIONS /created/ HTTP/1.1" 200 0]
[2023-12-06 18:13:28,195][INFO][basehttp][basehttp.py:124]["GET /created/ HTTP/1.1" 200 3379]
[2023-12-06 18:13:28,282][INFO][basehttp][basehttp.py:124]["GET /created/ HTTP/1.1" 200 3379]
[2023-12-06 18:13:30,451][INFO][basehttp][basehttp.py:124]["GET /created/ HTTP/1.1" 200 3379]
[2023-12-06 18:13:32,927][INFO][basehttp][basehttp.py:124]["GET /created/ HTTP/1.1" 200 3379]
[2023-12-06 18:13:33,484][INFO][basehttp][basehttp.py:124]["GET /backend/%E6%B4%BE%E5%A4%A7%E6%98%9F/ HTTP/1.1" 200 1565]
[2023-12-06 18:13:33,495][INFO][basehttp][basehttp.py:124]["GET /set_avatar/%E6%B4%BE%E5%A4%A7%E6%98%9F/ HTTP/1.1" 200 54]
[2023-12-06 18:13:40,558][INFO][basehttp][basehttp.py:124]["POST /login/ HTTP/1.1" 200 67]
[2023-12-06 18:13:51,836][INFO][basehttp][basehttp.py:124]["GET /home/ HTTP/1.1" 200 5638]
[2023-12-06 18:13:51,922][INFO][basehttp][basehttp.py:124]["GET /home/ HTTP/1.1" 200 5638]
[2023-12-06 18:13:51,959][INFO][basehttp][basehttp.py:124]["GET /set_avatar/%E6%B4%BE%E5%A4%A7%E6%98%9F/ HTTP/1.1" 200 54]
[2023-12-06 18:13:58,165][INFO][basehttp][basehttp.py:124]["GET /goods_detail/?mall__site_name=%E6%B5%B7%E7%BB%B5%E5%AE%9D%E5%AE%9D&id=3 HTTP/1.1" 200 11710]
[2023-12-06 18:13:58,194][INFO][basehttp][basehttp.py:124]["GET /set_avatar/%E6%B4%BE%E5%A4%A7%E6%98%9F/ HTTP/1.1" 200 54]
[2023-12-06 18:14:04,382][INFO][basehttp][basehttp.py:124]["GET /site/?mall__site_name=%E6%B5%B7%E7%BB%B5%E5%AE%9D%E5%AE%9D&tags__id=6 HTTP/1.1" 200 1347]
[2023-12-06 18:14:04,395][INFO][basehttp][basehttp.py:124]["GET /set_avatar/%E6%B4%BE%E5%A4%A7%E6%98%9F/ HTTP/1.1" 200 54]
[2023-12-06 18:14:05,280][INFO][basehttp][basehttp.py:124]["GET /site/?mall__site_name=%E6%B5%B7%E7%BB%B5%E5%AE%9D%E5%AE%9D&category_id=3 HTTP/1.1" 200 1412]
[2023-12-06 18:14:05,293][INFO][basehttp][basehttp.py:124]["GET /set_avatar/%E6%B4%BE%E5%A4%A7%E6%98%9F/ HTTP/1.1" 200 54]
[2023-12-06 18:14:08,613][INFO][basehttp][basehttp.py:124]["GET /search/?search=q HTTP/1.1" 200 299]
[2023-12-06 18:14:08,625][INFO][basehttp][basehttp.py:124]["GET /set_avatar/%E6%B4%BE%E5%A4%A7%E6%98%9F/ HTTP/1.1" 200 54]
[2023-12-06 18:14:15,299][INFO][basehttp][basehttp.py:124]["GET /created/ HTTP/1.1" 200 3379]
[2023-12-06 18:14:15,395][INFO][basehttp][basehttp.py:124]["GET /created/ HTTP/1.1" 200 3379]
[2023-12-06 18:14:21,451][INFO][basehttp][basehttp.py:124]["GET /site/?mall__site_name=%E6%B5%B7%E7%BB%B5%E5%AE%9D%E5%AE%9D&tags__id=3 HTTP/1.1" 200 1452]
[2023-12-06 18:14:21,476][INFO][basehttp][basehttp.py:124]["GET /set_avatar/%E6%B4%BE%E5%A4%A7%E6%98%9F/ HTTP/1.1" 200 54]
[2023-12-06 18:14:23,159][INFO][basehttp][basehttp.py:124]["GET /home/ HTTP/1.1" 200 5638]
[2023-12-06 18:14:23,206][INFO][basehttp][basehttp.py:124]["GET /set_avatar/%E6%B4%BE%E5%A4%A7%E6%98%9F/ HTTP/1.1" 200 54]
[2023-12-06 18:14:23,459][INFO][basehttp][basehttp.py:124]["GET /home/ HTTP/1.1" 200 5638]
[2023-12-06 18:14:23,491][INFO][basehttp][basehttp.py:124]["GET /set_avatar/%E6%B4%BE%E5%A4%A7%E6%98%9F/ HTTP/1.1" 200 54]
[2023-12-06 18:14:25,886][INFO][basehttp][basehttp.py:124]["GET /site/?mall__site_name=%E6%B4%BE%E5%A4%A7%E6%98%9F HTTP/1.1" 200 7227]
[2023-12-06 18:14:25,898][INFO][basehttp][basehttp.py:124]["GET /set_avatar/%E6%B4%BE%E5%A4%A7%E6%98%9F/ HTTP/1.1" 200 54]
[2023-12-06 18:14:26,691][INFO][basehttp][basehttp.py:124]["GET /home/ HTTP/1.1" 200 5638]
[2023-12-06 18:14:26,782][INFO][basehttp][basehttp.py:124]["GET /home/ HTTP/1.1" 200 5638]
[2023-12-06 18:14:26,793][INFO][basehttp][basehttp.py:124]["GET /set_avatar/%E6%B4%BE%E5%A4%A7%E6%98%9F/ HTTP/1.1" 200 54]
[2023-12-06 18:14:29,932][INFO][basehttp][basehttp.py:124]["GET /backend/%E6%B4%BE%E5%A4%A7%E6%98%9F/ HTTP/1.1" 200 1565]
[2023-12-06 18:14:30,016][INFO][basehttp][basehttp.py:124]["GET /backend/%E6%B4%BE%E5%A4%A7%E6%98%9F/ HTTP/1.1" 200 1565]
[2023-12-06 18:14:30,051][INFO][basehttp][basehttp.py:124]["GET /set_avatar/%E6%B4%BE%E5%A4%A7%E6%98%9F/ HTTP/1.1" 200 54]
[2023-12-06 18:14:33,040][INFO][basehttp][basehttp.py:124]["OPTIONS /vip/%E6%B4%BE%E5%A4%A7%E6%98%9F/ HTTP/1.1" 200 0]
[2023-12-06 18:14:33,091][INFO][basehttp][basehttp.py:124]["PUT /vip/%E6%B4%BE%E5%A4%A7%E6%98%9F/ HTTP/1.1" 200 60]
[2023-12-06 18:14:36,193][INFO][basehttp][basehttp.py:124]["GET /home/ HTTP/1.1" 200 5638]
[2023-12-06 18:14:36,207][INFO][basehttp][basehttp.py:124]["GET /set_avatar/%E6%B4%BE%E5%A4%A7%E6%98%9F/ HTTP/1.1" 200 54]
[2023-12-06 18:14:36,593][INFO][basehttp][basehttp.py:124]["GET /home/ HTTP/1.1" 200 5638]
[2023-12-06 18:14:36,609][INFO][basehttp][basehttp.py:124]["GET /set_avatar/%E6%B4%BE%E5%A4%A7%E6%98%9F/ HTTP/1.1" 200 54]
[2023-12-06 18:14:56,327][INFO][basehttp][basehttp.py:124]["GET /search/?search=p HTTP/1.1" 200 3726]
[2023-12-06 18:15:01,526][INFO][basehttp][basehttp.py:124]["GET /search/?search=l HTTP/1.1" 200 2]
